#
# There is insufficient memory for the Java Runtime Environment to continue.
# Native memory allocation (malloc) failed to allocate 1132656 bytes for Chunk::new
# Possible reasons:
#   The system is out of physical RAM or swap space
#   The process is running with CompressedOops enabled, and the Java Heap may be blocking the growth of the native heap
# Possible solutions:
#   Reduce memory load on the system
#   Increase physical memory or swap space
#   Check if swap backing store is full
#   Decrease Java heap size (-Xmx/-Xms)
#   Decrease number of Java threads
#   Decrease Java thread stack sizes (-Xss)
#   Set larger code cache with -XX:ReservedCodeCacheSize=
#   JVM is running with Unscaled Compressed Oops mode in which the Java heap is
#     placed in the first 4GB address space. The Java Heap base address is the
#     maximum limit for the native heap growth. Please use -XX:HeapBaseMinAddress
#     to set the Java Heap base and to place the Java Heap above 4GB virtual address.
# This output file may be truncated or incomplete.
#
#  Out of Memory Error (./src/hotspot/share/memory/arena.cpp:197), pid=8160, tid=1488
#
# JRE version: OpenJDK Runtime Environment (11.0.13) (build 11.0.13+0-b1751.21-8125866)
# Java VM: OpenJDK 64-Bit Server VM (11.0.13+0-b1751.21-8125866, mixed mode, tiered, compressed oops, g1 gc, windows-amd64)
# No core dump will be written. Minidumps are not enabled by default on client versions of Windows
#

---------------  S U M M A R Y ------------

Command Line: -Djava.awt.headless=true -Djava.util.logging.config.file=C:\Users\A412DA\.android\utp\logging3190096641487419516properties -Dfile.encoding=UTF-8 -Duser.country=US -Duser.language=en -Duser.variant com.google.testing.platform.launcher.Launcher C:\Users\A412DA\.gradle\caches\modules-2\files-2.1\com.google.testing.platform\core\0.0.8-alpha07\185ff5f0c2380a7a283320bc5ec9130dbcbbb030\core-0.0.8-alpha07.jar --proto_config=C:\Users\A412DA\.android\utp\runnerConfig14887803469594261842.pb --proto_server_config=C:\Users\A412DA\.android\utp\serverConfig6210740435494475172.pb

Host: AMD Ryzen 5 3500U with Radeon Vega Mobile Gfx  , 8 cores, 3G,  Windows 11 , 64 bit Build 22621 (10.0.22621.755)
Time: Mon Dec  5 22:16:48 2022 SE Asia Standard Time elapsed time: 2.915447 seconds (0d 0h 0m 2s)

---------------  T H R E A D  ---------------

Current thread (0x0000027059f78800):  JavaThread "C2 CompilerThread0" daemon [_thread_in_native, id=1488, stack(0x000000da47900000,0x000000da47a00000)]


Current CompileTask:
C2:   2915 1411 % !   4       com.sun.crypto.provider.PBKDF2KeyImpl::deriveKey @ 191 (295 bytes)

Stack: [0x000000da47900000,0x000000da47a00000]
Native frames: (J=compiled Java code, j=interpreted, Vv=VM code, C=native code)
V  [jvm.dll+0x6100fa]
V  [jvm.dll+0x747090]
V  [jvm.dll+0x7486ad]
V  [jvm.dll+0x748d83]
V  [jvm.dll+0x24ab48]
V  [jvm.dll+0xc04dc]
V  [jvm.dll+0xc0a0c]
V  [jvm.dll+0x35eb5b]
V  [jvm.dll+0x19d627]
V  [jvm.dll+0x2033be]
V  [jvm.dll+0x202437]
V  [jvm.dll+0x188e01]
V  [jvm.dll+0x21106b]
V  [jvm.dll+0x20f8c1]
V  [jvm.dll+0x70de0f]
V  [jvm.dll+0x706a75]
V  [jvm.dll+0x60ed66]
C  [ucrtbase.dll+0x29363]
C  [KERNEL32.DLL+0x1244d]
C  [ntdll.dll+0x5dfb8]


---------------  P R O C E S S  ---------------

Threads class SMR info:
_java_thread_list=0x000002705a0c3950, length=10, elements={
0x0000027041cc7800, 0x00000270595f3000, 0x00000270595fd000, 0x0000027059f72800,
0x0000027059f74800, 0x0000027059f76800, 0x0000027059f78800, 0x0000027059f7e000,
0x0000027059653800, 0x000002705a0ca000
}

Java Threads: ( => current thread )
  0x0000027041cc7800 JavaThread "main" [_thread_in_Java, id=3996, stack(0x000000da46d00000,0x000000da46e00000)]
  0x00000270595f3000 JavaThread "Reference Handler" daemon [_thread_blocked, id=5756, stack(0x000000da47400000,0x000000da47500000)]
  0x00000270595fd000 JavaThread "Finalizer" daemon [_thread_blocked, id=7048, stack(0x000000da47500000,0x000000da47600000)]
  0x0000027059f72800 JavaThread "Signal Dispatcher" daemon [_thread_blocked, id=3716, stack(0x000000da47600000,0x000000da47700000)]
  0x0000027059f74800 JavaThread "Attach Listener" daemon [_thread_blocked, id=1952, stack(0x000000da47700000,0x000000da47800000)]
  0x0000027059f76800 JavaThread "Service Thread" daemon [_thread_blocked, id=11948, stack(0x000000da47800000,0x000000da47900000)]
=>0x0000027059f78800 JavaThread "C2 CompilerThread0" daemon [_thread_in_native, id=1488, stack(0x000000da47900000,0x000000da47a00000)]
  0x0000027059f7e000 JavaThread "C1 CompilerThread0" daemon [_thread_blocked, id=12216, stack(0x000000da47a00000,0x000000da47b00000)]
  0x0000027059653800 JavaThread "Sweeper thread" daemon [_thread_blocked, id=13340, stack(0x000000da47b00000,0x000000da47c00000)]
  0x000002705a0ca000 JavaThread "Common-Cleaner" daemon [_thread_blocked, id=8484, stack(0x000000da47d00000,0x000000da47e00000)]

Other Threads:
  0x00000270595cd800 VMThread "VM Thread" [stack: 0x000000da47300000,0x000000da47400000] [id=14060]
  0x000002705a0b8000 WatcherThread [stack: 0x000000da47c00000,0x000000da47d00000] [id=8060]
  0x0000027041ce0000 GCTaskThread "GC Thread#0" [stack: 0x000000da46e00000,0x000000da46f00000] [id=11800]
  0x000002705a8d3800 GCTaskThread "GC Thread#1" [stack: 0x000000da47e00000,0x000000da47f00000] [id=9332]
  0x0000027041cfa800 ConcurrentGCThread "G1 Main Marker" [stack: 0x000000da46f00000,0x000000da47000000] [id=12548]
  0x0000027041cfe000 ConcurrentGCThread "G1 Conc#0" [stack: 0x000000da47000000,0x000000da47100000] [id=732]
  0x000002705b6ff000 ConcurrentGCThread "G1 Conc#1" [stack: 0x000000da47f00000,0x000000da48000000] [id=9880]
  0x0000027041d53800 ConcurrentGCThread "G1 Refine#0" [stack: 0x000000da47100000,0x000000da47200000] [id=8688]
  0x0000027041d56800 ConcurrentGCThread "G1 Young RemSet Sampling" [stack: 0x000000da47200000,0x000000da47300000] [id=11816]

Threads with active compile tasks:
C2 CompilerThread0   2976 1411 % !   4       com.sun.crypto.provider.PBKDF2KeyImpl::deriveKey @ 191 (295 bytes)

VM state:not at safepoint (normal execution)

VM Mutex/Monitor currently owned by a thread: None

Heap address: 0x00000000c8c00000, size: 884 MB, Compressed Oops mode: 32-bit
Narrow klass base: 0x0000000000000000, Narrow klass shift: 3
Compressed class space size: 1073741824 Address: 0x0000000100000000

Heap:
 garbage-first heap   total 57344K, used 15186K [0x00000000c8c00000, 0x0000000100000000)
  region size 1024K, 10 young (10240K), 3 survivors (3072K)
 Metaspace       used 22319K, capacity 22855K, committed 23216K, reserved 1071104K
  class space    used 2384K, capacity 2494K, committed 2560K, reserved 1048576K
Heap Regions: E=young(eden), S=young(survivor), O=old, HS=humongous(starts), HC=humongous(continues), CS=collection set, F=free, A=archive, TAMS=top-at-mark-start (previous, next)
|   0|0x00000000c8c00000, 0x00000000c8d00000, 0x00000000c8d00000|100%|HS|  |TAMS 0x00000000c8d00000, 0x00000000c8c00000| Complete 
|   1|0x00000000c8d00000, 0x00000000c8e00000, 0x00000000c8e00000|100%|HS|  |TAMS 0x00000000c8e00000, 0x00000000c8d00000| Complete 
|   2|0x00000000c8e00000, 0x00000000c8f00000, 0x00000000c8f00000|100%|HC|  |TAMS 0x00000000c8f00000, 0x00000000c8e00000| Complete 
|   3|0x00000000c8f00000, 0x00000000c9000000, 0x00000000c9000000|100%| O|  |TAMS 0x00000000c9000000, 0x00000000c8f00000| Untracked 
|   4|0x00000000c9000000, 0x00000000c9100000, 0x00000000c9100000|100%| O|  |TAMS 0x00000000c9100000, 0x00000000c9000000| Untracked 
|   5|0x00000000c9100000, 0x00000000c9200000, 0x00000000c9200000|100%| O|  |TAMS 0x00000000c9200000, 0x00000000c9100000| Untracked 
|   6|0x00000000c9200000, 0x00000000c9252400, 0x00000000c9300000| 32%| O|  |TAMS 0x00000000c9252400, 0x00000000c9200000| Untracked 
|   7|0x00000000c9300000, 0x00000000c9300000, 0x00000000c9400000|  0%| F|  |TAMS 0x00000000c9300000, 0x00000000c9300000| Untracked 
|   8|0x00000000c9400000, 0x00000000c9400000, 0x00000000c9500000|  0%| F|  |TAMS 0x00000000c9400000, 0x00000000c9400000| Untracked 
|   9|0x00000000c9500000, 0x00000000c9500000, 0x00000000c9600000|  0%| F|  |TAMS 0x00000000c9500000, 0x00000000c9500000| Untracked 
|  10|0x00000000c9600000, 0x00000000c9600000, 0x00000000c9700000|  0%| F|  |TAMS 0x00000000c9600000, 0x00000000c9600000| Untracked 
|  11|0x00000000c9700000, 0x00000000c9700000, 0x00000000c9800000|  0%| F|  |TAMS 0x00000000c9700000, 0x00000000c9700000| Untracked 
|  12|0x00000000c9800000, 0x00000000c9800000, 0x00000000c9900000|  0%| F|  |TAMS 0x00000000c9800000, 0x00000000c9800000| Untracked 
|  13|0x00000000c9900000, 0x00000000c9900000, 0x00000000c9a00000|  0%| F|  |TAMS 0x00000000c9900000, 0x00000000c9900000| Untracked 
|  14|0x00000000c9a00000, 0x00000000c9a00000, 0x00000000c9b00000|  0%| F|  |TAMS 0x00000000c9a00000, 0x00000000c9a00000| Untracked 
|  15|0x00000000c9b00000, 0x00000000c9b00000, 0x00000000c9c00000|  0%| F|  |TAMS 0x00000000c9b00000, 0x00000000c9b00000| Untracked 
|  16|0x00000000c9c00000, 0x00000000c9c00000, 0x00000000c9d00000|  0%| F|  |TAMS 0x00000000c9c00000, 0x00000000c9c00000| Untracked 
|  17|0x00000000c9d00000, 0x00000000c9d00000, 0x00000000c9e00000|  0%| F|  |TAMS 0x00000000c9d00000, 0x00000000c9d00000| Untracked 
|  18|0x00000000c9e00000, 0x00000000c9e00000, 0x00000000c9f00000|  0%| F|  |TAMS 0x00000000c9e00000, 0x00000000c9e00000| Untracked 
|  19|0x00000000c9f00000, 0x00000000c9f00000, 0x00000000ca000000|  0%| F|  |TAMS 0x00000000c9f00000, 0x00000000c9f00000| Untracked 
|  20|0x00000000ca000000, 0x00000000ca000000, 0x00000000ca100000|  0%| F|  |TAMS 0x00000000ca000000, 0x00000000ca000000| Untracked 
|  21|0x00000000ca100000, 0x00000000ca100000, 0x00000000ca200000|  0%| F|  |TAMS 0x00000000ca100000, 0x00000000ca100000| Untracked 
|  22|0x00000000ca200000, 0x00000000ca200000, 0x00000000ca300000|  0%| F|  |TAMS 0x00000000ca200000, 0x00000000ca200000| Untracked 
|  23|0x00000000ca300000, 0x00000000ca300000, 0x00000000ca400000|  0%| F|  |TAMS 0x00000000ca300000, 0x00000000ca300000| Untracked 
|  24|0x00000000ca400000, 0x00000000ca400000, 0x00000000ca500000|  0%| F|  |TAMS 0x00000000ca400000, 0x00000000ca400000| Untracked 
|  25|0x00000000ca500000, 0x00000000ca500000, 0x00000000ca600000|  0%| F|  |TAMS 0x00000000ca500000, 0x00000000ca500000| Untracked 
|  26|0x00000000ca600000, 0x00000000ca600000, 0x00000000ca700000|  0%| F|  |TAMS 0x00000000ca600000, 0x00000000ca600000| Untracked 
|  27|0x00000000ca700000, 0x00000000ca700000, 0x00000000ca800000|  0%| F|  |TAMS 0x00000000ca700000, 0x00000000ca700000| Untracked 
|  28|0x00000000ca800000, 0x00000000ca800000, 0x00000000ca900000|  0%| F|  |TAMS 0x00000000ca800000, 0x00000000ca800000| Untracked 
|  29|0x00000000ca900000, 0x00000000ca900000, 0x00000000caa00000|  0%| F|  |TAMS 0x00000000ca900000, 0x00000000ca900000| Untracked 
|  30|0x00000000caa00000, 0x00000000caa00000, 0x00000000cab00000|  0%| F|  |TAMS 0x00000000caa00000, 0x00000000caa00000| Untracked 
|  31|0x00000000cab00000, 0x00000000cab00000, 0x00000000cac00000|  0%| F|  |TAMS 0x00000000cab00000, 0x00000000cab00000| Untracked 
|  32|0x00000000cac00000, 0x00000000cac00000, 0x00000000cad00000|  0%| F|  |TAMS 0x00000000cac00000, 0x00000000cac00000| Untracked 
|  33|0x00000000cad00000, 0x00000000cad00000, 0x00000000cae00000|  0%| F|  |TAMS 0x00000000cad00000, 0x00000000cad00000| Untracked 
|  34|0x00000000cae00000, 0x00000000cae00000, 0x00000000caf00000|  0%| F|  |TAMS 0x00000000cae00000, 0x00000000cae00000| Untracked 
|  35|0x00000000caf00000, 0x00000000caf00000, 0x00000000cb000000|  0%| F|  |TAMS 0x00000000caf00000, 0x00000000caf00000| Untracked 
|  36|0x00000000cb000000, 0x00000000cb000000, 0x00000000cb100000|  0%| F|  |TAMS 0x00000000cb000000, 0x00000000cb000000| Untracked 
|  37|0x00000000cb100000, 0x00000000cb100000, 0x00000000cb200000|  0%| F|  |TAMS 0x00000000cb100000, 0x00000000cb100000| Untracked 
|  38|0x00000000cb200000, 0x00000000cb282578, 0x00000000cb300000| 50%| S|CS|TAMS 0x00000000cb200000, 0x00000000cb200000| Complete 
|  39|0x00000000cb300000, 0x00000000cb400000, 0x00000000cb400000|100%| S|CS|TAMS 0x00000000cb300000, 0x00000000cb300000| Complete 
|  40|0x00000000cb400000, 0x00000000cb500000, 0x00000000cb500000|100%| S|CS|TAMS 0x00000000cb400000, 0x00000000cb400000| Complete 
|  41|0x00000000cb500000, 0x00000000cb500000, 0x00000000cb600000|  0%| F|  |TAMS 0x00000000cb500000, 0x00000000cb500000| Untracked 
|  42|0x00000000cb600000, 0x00000000cb600000, 0x00000000cb700000|  0%| F|  |TAMS 0x00000000cb600000, 0x00000000cb600000| Untracked 
|  43|0x00000000cb700000, 0x00000000cb700000, 0x00000000cb800000|  0%| F|  |TAMS 0x00000000cb700000, 0x00000000cb700000| Untracked 
|  44|0x00000000cb800000, 0x00000000cb800000, 0x00000000cb900000|  0%| F|  |TAMS 0x00000000cb800000, 0x00000000cb800000| Untracked 
|  45|0x00000000cb900000, 0x00000000cb900000, 0x00000000cba00000|  0%| F|  |TAMS 0x00000000cb900000, 0x00000000cb900000| Untracked 
|  46|0x00000000cba00000, 0x00000000cba00000, 0x00000000cbb00000|  0%| F|  |TAMS 0x00000000cba00000, 0x00000000cba00000| Untracked 
|  47|0x00000000cbb00000, 0x00000000cbb00000, 0x00000000cbc00000|  0%| F|  |TAMS 0x00000000cbb00000, 0x00000000cbb00000| Untracked 
|  48|0x00000000cbc00000, 0x00000000cbc00000, 0x00000000cbd00000|  0%| F|  |TAMS 0x00000000cbc00000, 0x00000000cbc00000| Untracked 
|  49|0x00000000cbd00000, 0x00000000cbdd45f8, 0x00000000cbe00000| 82%| E|  |TAMS 0x00000000cbd00000, 0x00000000cbd00000| Complete 
|  50|0x00000000cbe00000, 0x00000000cbf00000, 0x00000000cbf00000|100%| E|CS|TAMS 0x00000000cbe00000, 0x00000000cbe00000| Complete 
|  51|0x00000000cbf00000, 0x00000000cc000000, 0x00000000cc000000|100%| E|CS|TAMS 0x00000000cbf00000, 0x00000000cbf00000| Complete 
|  52|0x00000000cc000000, 0x00000000cc100000, 0x00000000cc100000|100%| E|CS|TAMS 0x00000000cc000000, 0x00000000cc000000| Complete 
|  53|0x00000000cc100000, 0x00000000cc200000, 0x00000000cc200000|100%| E|CS|TAMS 0x00000000cc100000, 0x00000000cc100000| Complete 
|  54|0x00000000cc200000, 0x00000000cc300000, 0x00000000cc300000|100%| E|CS|TAMS 0x00000000cc200000, 0x00000000cc200000| Complete 
|  55|0x00000000cc300000, 0x00000000cc400000, 0x00000000cc400000|100%| E|CS|TAMS 0x00000000cc300000, 0x00000000cc300000| Complete 

Card table byte_map: [0x0000027054cd0000,0x0000027054e90000] _byte_map_base: 0x000002705468a000

Marking Bits (Prev, Next): (CMBitMap*) 0x0000027041cf66d0, (CMBitMap*) 0x0000027041cf6698
 Prev Bits: [0x0000027055e20000, 0x0000027056bf0000)
 Next Bits: [0x0000027055050000, 0x0000027055e20000)

Polling page: 0x00000270414a0000

Metaspace:

Usage:
  Non-class:     19.88 MB capacity,    19.48 MB ( 98%) used,   388.32 KB (  2%) free+waste,    29.44 KB ( <1%) overhead. 
      Class:      2.44 MB capacity,     2.33 MB ( 96%) used,    94.86 KB (  4%) free+waste,    12.19 KB ( <1%) overhead. 
       Both:     22.32 MB capacity,    21.81 MB ( 98%) used,   483.18 KB (  2%) free+waste,    41.63 KB ( <1%) overhead. 

Virtual space:
  Non-class space:       22.00 MB reserved,      20.17 MB ( 92%) committed 
      Class space:        1.00 GB reserved,       2.50 MB ( <1%) committed 
             Both:        1.02 GB reserved,      22.67 MB (  2%) committed 

Chunk freelists:
   Non-Class:  103.00 KB
       Class:  2.00 KB
        Both:  105.00 KB

MaxMetaspaceSize: 17179869184.00 GB
CompressedClassSpaceSize: 1.00 GB
Initial GC threshold: 20.80 MB
Current GC threshold: 35.08 MB
CDS: off

CodeHeap 'non-profiled nmethods': size=120000Kb used=423Kb max_used=423Kb free=119576Kb
 bounds [0x000002704d2b0000, 0x000002704d520000, 0x00000270547e0000]
CodeHeap 'profiled nmethods': size=120000Kb used=2760Kb max_used=2760Kb free=117239Kb
 bounds [0x0000027045d80000, 0x0000027046040000, 0x000002704d2b0000]
CodeHeap 'non-nmethods': size=5760Kb used=1203Kb max_used=1210Kb free=4556Kb
 bounds [0x00000270457e0000, 0x0000027045a50000, 0x0000027045d80000]
 total_blobs=1933 nmethods=1457 adapters=389
 compilation: enabled
              stopped_count=0, restarted_count=0
 full_count=0

Compilation events (20 events):
Event: 2.785 Thread 0x0000027059f7e000 1457       1       java.util.concurrent.ConcurrentHashMap$MapEntry::getValue (5 bytes)
Event: 2.785 Thread 0x0000027059f7e000 nmethod 1457 0x000002704d318e90 code [0x000002704d319040, 0x000002704d3190f8]
Event: 2.805 Thread 0x0000027059f7e000 1459       2       java.util.jar.JarFile::getVersionedEntry (85 bytes)
Event: 2.806 Thread 0x0000027059f7e000 nmethod 1459 0x0000027046029b10 code [0x0000027046029d60, 0x000002704602a388]
Event: 2.818 Thread 0x0000027059f7e000 1460       2       java.util.BitSet::wordIndex (5 bytes)
Event: 2.818 Thread 0x0000027059f7e000 nmethod 1460 0x000002704602a710 code [0x000002704602a8c0, 0x000002704602a998]
Event: 2.818 Thread 0x0000027059f7e000 1461       2       java.util.BitSet::checkInvariants (111 bytes)
Event: 2.818 Thread 0x0000027059f7e000 nmethod 1461 0x000002704602aa10 code [0x000002704602abc0, 0x000002704602acb8]
Event: 2.863 Thread 0x0000027059f7e000 1462       2       jdk.internal.loader.BuiltinClassLoader::moduleReaderFor (45 bytes)
Event: 2.864 Thread 0x0000027059f7e000 nmethod 1462 0x000002704602ad90 code [0x000002704602af60, 0x000002704602b298]
Event: 2.864 Thread 0x0000027059f7e000 1463       2       jdk.internal.jimage.ImageReader::findLocation (14 bytes)
Event: 2.864 Thread 0x0000027059f7e000 nmethod 1463 0x000002704602b390 code [0x000002704602b560, 0x000002704602b758]
Event: 2.864 Thread 0x0000027059f7e000 1464  s    2       jdk.internal.jimage.BasicImageReader::findLocation (115 bytes)
Event: 2.865 Thread 0x0000027059f7e000 nmethod 1464 0x000002704602b890 code [0x000002704602bb40, 0x000002704602c518]
Event: 2.865 Thread 0x0000027059f7e000 1465       2       jdk.internal.jimage.ImageStringsReader::hashCode (8 bytes)
Event: 2.866 Thread 0x0000027059f7e000 nmethod 1465 0x000002704602c910 code [0x000002704602cae0, 0x000002704602cc58]
Event: 2.866 Thread 0x0000027059f7e000 1466       2       java.util.HashMap::remove (26 bytes)
Event: 2.866 Thread 0x0000027059f7e000 nmethod 1466 0x000002704602cd90 code [0x000002704602cf60, 0x000002704602d118]
Event: 2.887 Thread 0x0000027059f7e000 1467       1       java.util.logging.Level::intValue (5 bytes)
Event: 2.887 Thread 0x0000027059f7e000 nmethod 1467 0x000002704d319190 code [0x000002704d319340, 0x000002704d3193f8]

GC Heap History (4 events):
Event: 1.734 GC heap before
{Heap before GC invocations=0 (full 0):
 garbage-first heap   total 57344K, used 27648K [0x00000000c8c00000, 0x0000000100000000)
  region size 1024K, 24 young (24576K), 0 survivors (0K)
 Metaspace       used 15812K, capacity 16090K, committed 16384K, reserved 1064960K
  class space    used 1659K, capacity 1736K, committed 1792K, reserved 1048576K
}
Event: 1.742 GC heap after
{Heap after GC invocations=1 (full 0):
 garbage-first heap   total 57344K, used 6526K [0x00000000c8c00000, 0x0000000100000000)
  region size 1024K, 3 young (3072K), 3 survivors (3072K)
 Metaspace       used 15812K, capacity 16090K, committed 16384K, reserved 1064960K
  class space    used 1659K, capacity 1736K, committed 1792K, reserved 1048576K
}
Event: 2.391 GC heap before
{Heap before GC invocations=1 (full 0):
 garbage-first heap   total 57344K, used 20862K [0x00000000c8c00000, 0x0000000100000000)
  region size 1024K, 18 young (18432K), 3 survivors (3072K)
 Metaspace       used 20618K, capacity 21126K, committed 21296K, reserved 1069056K
  class space    used 2183K, capacity 2322K, committed 2432K, reserved 1048576K
}
Event: 2.402 GC heap after
{Heap after GC invocations=2 (full 0):
 garbage-first heap   total 57344K, used 9042K [0x00000000c8c00000, 0x0000000100000000)
  region size 1024K, 3 young (3072K), 3 survivors (3072K)
 Metaspace       used 20618K, capacity 21126K, committed 21296K, reserved 1069056K
  class space    used 2183K, capacity 2322K, committed 2432K, reserved 1048576K
}

Deoptimization events (20 events):
Event: 2.754 Thread 0x0000027041cc7800 DEOPT PACKING pc=0x00000270460062d7 sp=0x000000da46dfc8c0
Event: 2.754 Thread 0x0000027041cc7800 DEOPT UNPACKING pc=0x000002704582a95e sp=0x000000da46dfbd18 mode 0
Event: 2.754 Thread 0x0000027041cc7800 DEOPT PACKING pc=0x00000270460063c2 sp=0x000000da46dfc770
Event: 2.754 Thread 0x0000027041cc7800 DEOPT UNPACKING pc=0x000002704582a95e sp=0x000000da46dfbbc8 mode 0
Event: 2.754 Thread 0x0000027041cc7800 DEOPT PACKING pc=0x00000270460063c2 sp=0x000000da46dfc830
Event: 2.754 Thread 0x0000027041cc7800 DEOPT UNPACKING pc=0x000002704582a95e sp=0x000000da46dfbc88 mode 0
Event: 2.755 Thread 0x0000027041cc7800 DEOPT PACKING pc=0x00000270460063c2 sp=0x000000da46dfc770
Event: 2.755 Thread 0x0000027041cc7800 DEOPT UNPACKING pc=0x000002704582a95e sp=0x000000da46dfbbc8 mode 0
Event: 2.755 Thread 0x0000027041cc7800 DEOPT PACKING pc=0x00000270460063c2 sp=0x000000da46dfc8c0
Event: 2.755 Thread 0x0000027041cc7800 DEOPT UNPACKING pc=0x000002704582a95e sp=0x000000da46dfbd18 mode 0
Event: 2.755 Thread 0x0000027041cc7800 DEOPT PACKING pc=0x00000270460062d7 sp=0x000000da46dfc830
Event: 2.755 Thread 0x0000027041cc7800 DEOPT UNPACKING pc=0x000002704582a95e sp=0x000000da46dfbc88 mode 0
Event: 2.755 Thread 0x0000027041cc7800 DEOPT PACKING pc=0x00000270460062d7 sp=0x000000da46dfc770
Event: 2.755 Thread 0x0000027041cc7800 DEOPT UNPACKING pc=0x000002704582a95e sp=0x000000da46dfbbc8 mode 0
Event: 2.755 Thread 0x0000027041cc7800 DEOPT PACKING pc=0x00000270460062d7 sp=0x000000da46dfc8c0
Event: 2.755 Thread 0x0000027041cc7800 DEOPT UNPACKING pc=0x000002704582a95e sp=0x000000da46dfbd18 mode 0
Event: 2.755 Thread 0x0000027041cc7800 DEOPT PACKING pc=0x00000270460062d7 sp=0x000000da46dfc770
Event: 2.755 Thread 0x0000027041cc7800 DEOPT UNPACKING pc=0x000002704582a95e sp=0x000000da46dfbbc8 mode 0
Event: 2.758 Thread 0x0000027041cc7800 DEOPT PACKING pc=0x00000270460063c2 sp=0x000000da46dfcef0
Event: 2.758 Thread 0x0000027041cc7800 DEOPT UNPACKING pc=0x000002704582a95e sp=0x000000da46dfc348 mode 0

Classes redefined (0 events):
No events

Internal exceptions (20 events):
Event: 0.884 Thread 0x0000027041cc7800 Exception <a 'java/lang/NoClassDefFoundError'{0x00000000cb88b7f8}: org/apache/logging/log4j/spi/ExtendedLoggerWrapper> (0x00000000cb88b7f8) thrown at [./src/hotspot/share/classfile/systemDictionary.cpp, line 220]
Event: 0.884 Thread 0x0000027041cc7800 Exception <a 'java/lang/NoClassDefFoundError'{0x00000000cb893260}: org/apache/log4j/Priority> (0x00000000cb893260) thrown at [./src/hotspot/share/classfile/systemDictionary.cpp, line 220]
Event: 0.926 Thread 0x0000027041cc7800 Exception <a 'java/lang/NoSuchMethodError'{0x00000000cb70e0a0}: 'java.lang.Object java.lang.invoke.DirectMethodHandle$Holder.invokeStaticInit(java.lang.Object, java.lang.Object, java.lang.Object)'> (0x00000000cb70e0a0) thrown at [./src/hotspot/share/interpreter/linkResolver.cpp, line 773]
Event: 1.018 Thread 0x0000027041cc7800 Exception <a 'java/lang/NoSuchMethodError'{0x00000000cb69bbe8}: 'java.lang.Object java.lang.invoke.DirectMethodHandle$Holder.invokeStaticInit(java.lang.Object, int, int, int, int)'> (0x00000000cb69bbe8) thrown at [./src/hotspot/share/interpreter/linkResolver.cpp, line 773]
Event: 1.323 Thread 0x0000027041cc7800 Exception <a 'java/lang/NoSuchMethodError'{0x00000000cb533b00}: 'java.lang.Object java.lang.invoke.DirectMethodHandle$Holder.invokeStaticInit(java.lang.Object, java.lang.Object, int, int, int, int)'> (0x00000000cb533b00) thrown at [./src/hotspot/share/interpreter/linkResolver.cpp, line 773]
Event: 1.336 Thread 0x0000027041cc7800 Exception <a 'java/lang/UnsatisfiedLinkError'{0x00000000cb546b78}: 'int io.netty.channel.epoll.Native.offsetofEpollData()'> (0x00000000cb546b78) thrown at [./src/hotspot/share/prims/nativeLookup.cpp, line 529]
Event: 1.337 Thread 0x0000027041cc7800 Exception <a 'java/lang/ExceptionInInitializerError'{0x00000000cb5477e0}> (0x00000000cb5477e0) thrown at [./src/hotspot/share/oops/instanceKlass.cpp, line 1034]
Event: 2.026 Thread 0x0000027041cc7800 Exception <a 'java/lang/ClassNotFoundException'{0x00000000cbe5e870}: org/eclipse/jetty/alpn/ALPN> (0x00000000cbe5e870) thrown at [./src/hotspot/share/classfile/systemDictionary.cpp, line 231]
Event: 2.026 Thread 0x0000027041cc7800 Exception <a 'java/lang/ClassNotFoundException'{0x00000000cbe5ee88}: org/eclipse/jetty/npn/NextProtoNego> (0x00000000cbe5ee88) thrown at [./src/hotspot/share/classfile/systemDictionary.cpp, line 231]
Event: 2.058 Thread 0x0000027041cc7800 Exception <a 'sun/nio/fs/WindowsException'{0x00000000cbe79048}> (0x00000000cbe79048) thrown at [./src/hotspot/share/prims/jni.cpp, line 616]
Event: 2.073 Thread 0x0000027041cc7800 Exception <a 'java/lang/NoSuchMethodError'{0x00000000cbe9a568}: 'int java.lang.invoke.DirectMethodHandle$Holder.invokeStaticInit(java.lang.Object, java.lang.Object, java.lang.Object, java.lang.Object)'> (0x00000000cbe9a568) thrown at [./src/hotspot/share/interpreter/linkResolver.cpp, line 773]
Event: 2.076 Thread 0x0000027041cc7800 Exception <a 'java/lang/IncompatibleClassChangeError'{0x00000000cbea36e0}: Found class java.lang.Object, but interface was expected> (0x00000000cbea36e0) thrown at [./src/hotspot/share/interpreter/linkResolver.cpp, line 839]
Event: 2.078 Thread 0x0000027041cc7800 Exception <a 'java/lang/NoSuchMethodError'{0x00000000cbea6d48}: 'void java.lang.invoke.DirectMethodHandle$Holder.invokeStaticInit(java.lang.Object, java.lang.Object)'> (0x00000000cbea6d48) thrown at [./src/hotspot/share/interpreter/linkResolver.cpp, line 773]
Event: 2.080 Thread 0x0000027041cc7800 Exception <a 'java/lang/NoSuchMethodError'{0x00000000cbeac760}: 'int java.lang.invoke.DirectMethodHandle$Holder.invokeStaticInit(java.lang.Object, java.lang.Object)'> (0x00000000cbeac760) thrown at [./src/hotspot/share/interpreter/linkResolver.cpp, line 773]
Event: 2.294 Thread 0x0000027041cc7800 Exception <a 'java/lang/ClassNotFoundException'{0x00000000cb861948}: org/eclipse/jetty/alpn/ALPN> (0x00000000cb861948) thrown at [./src/hotspot/share/classfile/systemDictionary.cpp, line 231]
Event: 2.294 Thread 0x0000027041cc7800 Exception <a 'java/lang/ClassNotFoundException'{0x00000000cb861f10}: org/eclipse/jetty/npn/NextProtoNego> (0x00000000cb861f10) thrown at [./src/hotspot/share/classfile/systemDictionary.cpp, line 231]
Event: 2.294 Thread 0x0000027041cc7800 Exception <a 'java/lang/ClassNotFoundException'{0x00000000cb8624d0}: org/eclipse/jetty/alpn/ALPN> (0x00000000cb8624d0) thrown at [./src/hotspot/share/classfile/systemDictionary.cpp, line 231]
Event: 2.294 Thread 0x0000027041cc7800 Exception <a 'java/lang/ClassNotFoundException'{0x00000000cb862a98}: org/eclipse/jetty/npn/NextProtoNego> (0x00000000cb862a98) thrown at [./src/hotspot/share/classfile/systemDictionary.cpp, line 231]
Event: 2.657 Thread 0x0000027041cc7800 Exception <a 'java/lang/NoSuchMethodError'{0x00000000cc2e0758}: 'java.lang.Object java.lang.invoke.DirectMethodHandle$Holder.invokeStatic(java.lang.Object, java.lang.Object, java.lang.Object, java.lang.Object, java.lang.Object, java.lang.Object, java.lang.Object, int)'> (0x00000000cc2e0758) thrown at [./src/hotspot/share/interpreter/linkResolver.cpp, line 773]
Event: 2.659 Thread 0x0000027041cc7800 Exception <a 'java/lang/NoSuchMethodError'{0x00000000cc2e4b90}: 'java.lang.Object java.lang.invoke.DirectMethodHandle$Holder.invokeSpecial(java.lang.Object, java.lang.Object, java.lang.Object, java.lang.Object, java.lang.Object, java.lang.Object, java.lang.Object, java.lang.Object, int)'> (0x00000000cc2e4b90) thrown at [./src/hotspot/share/interpreter/linkResolver.cpp, line 773]

Events (20 events):
Event: 2.899 loading class io/grpc/netty/ProtocolNegotiators
Event: 2.899 loading class io/grpc/netty/ProtocolNegotiators done
Event: 2.900 loading class io/grpc/TlsChannelCredentials$Feature
Event: 2.900 loading class io/grpc/TlsChannelCredentials$Feature done
Event: 2.901 loading class io/grpc/TlsServerCredentials$Feature
Event: 2.901 loading class io/grpc/TlsServerCredentials$Feature done
Event: 2.902 loading class io/grpc/netty/FixedKeyManagerFactory
Event: 2.902 loading class io/grpc/netty/FixedKeyManagerFactory done
Event: 2.902 loading class io/grpc/netty/FixedTrustManagerFactory
Event: 2.902 loading class io/grpc/netty/FixedTrustManagerFactory done
Event: 2.904 loading class io/grpc/netty/ProtocolNegotiator$ServerFactory
Event: 2.904 loading class io/grpc/netty/ProtocolNegotiator$ServerFactory done
Event: 2.904 loading class io/grpc/StatusRuntimeException
Event: 2.904 loading class io/grpc/StatusRuntimeException done
Event: 2.905 loading class io/grpc/netty/ProtocolNegotiator
Event: 2.905 loading class io/grpc/netty/ProtocolNegotiator done
Event: 2.905 loading class io/grpc/netty/ProtocolNegotiators$ClientTlsProtocolNegotiator
Event: 2.905 loading class io/grpc/netty/ProtocolNegotiators$ClientTlsProtocolNegotiator done
Event: 2.906 loading class io/grpc/internal/SharedResourceHolder
Event: 2.906 loading class io/grpc/internal/SharedResourceHolder done


Dynamic libraries:
0x00007ff7df2d0000 - 0x00007ff7df2da000 	C:\Program Files\Android\Android Studio\jre\bin\java.exe
0x00007ff9b2f10000 - 0x00007ff9b3124000 	C:\WINDOWS\SYSTEM32\ntdll.dll
0x00007ff9b17f0000 - 0x00007ff9b18b2000 	C:\WINDOWS\System32\KERNEL32.DLL
0x00007ff9b0550000 - 0x00007ff9b08ed000 	C:\WINDOWS\System32\KERNELBASE.dll
0x00007ff9b0bf0000 - 0x00007ff9b0d01000 	C:\WINDOWS\System32\ucrtbase.dll
0x00007ff9a1e20000 - 0x00007ff9a1e37000 	C:\Program Files\Android\Android Studio\jre\bin\VCRUNTIME140.dll
0x00007ff9a1e00000 - 0x00007ff9a1e19000 	C:\Program Files\Android\Android Studio\jre\bin\jli.dll
0x00007ff9b2770000 - 0x00007ff9b291a000 	C:\WINDOWS\System32\USER32.dll
0x00007ff9b0340000 - 0x00007ff9b0366000 	C:\WINDOWS\System32\win32u.dll
0x00007ff9b2ea0000 - 0x00007ff9b2ec9000 	C:\WINDOWS\System32\GDI32.dll
0x00007ff9b0a60000 - 0x00007ff9b0b72000 	C:\WINDOWS\System32\gdi32full.dll
0x00007ff9b04b0000 - 0x00007ff9b054a000 	C:\WINDOWS\System32\msvcp_win.dll
0x00007ff99f600000 - 0x00007ff99f88e000 	C:\WINDOWS\WinSxS\amd64_microsoft.windows.common-controls_6595b64144ccf1df_6.0.22621.608_none_a9444ca7c10bb01d\COMCTL32.dll
0x00007ff9b18d0000 - 0x00007ff9b1977000 	C:\WINDOWS\System32\msvcrt.dll
0x00007ff9b25e0000 - 0x00007ff9b2612000 	C:\WINDOWS\System32\IMM32.DLL
0x00007ff99fe40000 - 0x00007ff99fedd000 	C:\Program Files\Android\Android Studio\jre\bin\msvcp140.dll
0x00007ff979380000 - 0x00007ff979e82000 	C:\Program Files\Android\Android Studio\jre\bin\server\jvm.dll
0x00007ff9b2cb0000 - 0x00007ff9b2d5e000 	C:\WINDOWS\System32\ADVAPI32.dll
0x00007ff9b0d10000 - 0x00007ff9b0db4000 	C:\WINDOWS\System32\sechost.dll
0x00007ff9b2d80000 - 0x00007ff9b2e95000 	C:\WINDOWS\System32\RPCRT4.dll
0x00007ff9b2aa0000 - 0x00007ff9b2aa8000 	C:\WINDOWS\System32\PSAPI.DLL
0x00007ff9a9890000 - 0x00007ff9a98c4000 	C:\WINDOWS\SYSTEM32\WINMM.dll
0x00007ff9ad200000 - 0x00007ff9ad209000 	C:\WINDOWS\SYSTEM32\WSOCK32.dll
0x00007ff9b2a20000 - 0x00007ff9b2a91000 	C:\WINDOWS\System32\WS2_32.dll
0x00007ff9a9800000 - 0x00007ff9a980a000 	C:\WINDOWS\SYSTEM32\VERSION.dll
0x00007ff9af360000 - 0x00007ff9af378000 	C:\WINDOWS\SYSTEM32\kernel.appcore.dll
0x00007ff9aab10000 - 0x00007ff9aab21000 	C:\Program Files\Android\Android Studio\jre\bin\verify.dll
0x00007ff9adc80000 - 0x00007ff9adeae000 	C:\WINDOWS\SYSTEM32\DBGHELP.DLL
0x00007ff9b1460000 - 0x00007ff9b17ea000 	C:\WINDOWS\System32\combase.dll
0x00007ff9b1330000 - 0x00007ff9b1407000 	C:\WINDOWS\System32\OLEAUT32.dll
0x00007ff99a640000 - 0x00007ff99a672000 	C:\WINDOWS\SYSTEM32\dbgcore.DLL
0x00007ff9b0370000 - 0x00007ff9b03eb000 	C:\WINDOWS\System32\bcryptPrimitives.dll
0x00007ff9aaae0000 - 0x00007ff9aab09000 	C:\Program Files\Android\Android Studio\jre\bin\java.dll
0x00007ff9ab3f0000 - 0x00007ff9ab3fb000 	C:\Program Files\Android\Android Studio\jre\bin\jimage.dll
0x00007ff9aaac0000 - 0x00007ff9aaad8000 	C:\Program Files\Android\Android Studio\jre\bin\zip.dll
0x00007ff9b1980000 - 0x00007ff9b2160000 	C:\WINDOWS\System32\SHELL32.dll
0x00007ff9ae380000 - 0x00007ff9aec45000 	C:\WINDOWS\SYSTEM32\windows.storage.dll
0x00007ff9ae240000 - 0x00007ff9ae37e000 	C:\WINDOWS\SYSTEM32\wintypes.dll
0x00007ff9b0e70000 - 0x00007ff9b0f61000 	C:\WINDOWS\System32\SHCORE.dll
0x00007ff9b1260000 - 0x00007ff9b12be000 	C:\WINDOWS\System32\shlwapi.dll
0x00007ff9b0270000 - 0x00007ff9b0291000 	C:\WINDOWS\SYSTEM32\profapi.dll
0x00007ff9a9aa0000 - 0x00007ff9a9aba000 	C:\Program Files\Android\Android Studio\jre\bin\net.dll
0x00007ff9a85e0000 - 0x00007ff9a870f000 	C:\WINDOWS\SYSTEM32\WINHTTP.dll
0x00007ff9af810000 - 0x00007ff9af879000 	C:\WINDOWS\system32\mswsock.dll
0x00007ff9a9a80000 - 0x00007ff9a9a94000 	C:\Program Files\Android\Android Studio\jre\bin\nio.dll
0x00007ff9aaab0000 - 0x00007ff9aaaba000 	C:\Program Files\Android\Android Studio\jre\bin\management.dll
0x00007ff9a9a70000 - 0x00007ff9a9a7d000 	C:\Program Files\Android\Android Studio\jre\bin\management_ext.dll
0x00007ff9afa50000 - 0x00007ff9afa6b000 	C:\WINDOWS\SYSTEM32\CRYPTSP.dll
0x00007ff9af320000 - 0x00007ff9af355000 	C:\WINDOWS\system32\rsaenh.dll
0x00007ff9af900000 - 0x00007ff9af928000 	C:\WINDOWS\SYSTEM32\USERENV.dll
0x00007ff9afc10000 - 0x00007ff9afc38000 	C:\WINDOWS\SYSTEM32\bcrypt.dll
0x00007ff9afa70000 - 0x00007ff9afa7c000 	C:\WINDOWS\SYSTEM32\CRYPTBASE.dll
0x00007ff9aeee0000 - 0x00007ff9aef0d000 	C:\WINDOWS\SYSTEM32\IPHLPAPI.DLL
0x00007ff9b1130000 - 0x00007ff9b1139000 	C:\WINDOWS\System32\NSI.dll
0x00007ff9a9810000 - 0x00007ff9a9829000 	C:\WINDOWS\SYSTEM32\dhcpcsvc6.DLL
0x00007ff9a7d60000 - 0x00007ff9a7d7f000 	C:\WINDOWS\SYSTEM32\dhcpcsvc.DLL
0x00007ff9aef60000 - 0x00007ff9af052000 	C:\WINDOWS\SYSTEM32\DNSAPI.dll
0x00007ff9a98d0000 - 0x00007ff9a98f7000 	C:\Program Files\Android\Android Studio\jre\bin\sunec.dll

dbghelp: loaded successfully - version: 4.0.5 - missing functions: none
symbol engine: initialized successfully - sym options: 0x614 - pdb path: .;C:\Program Files\Android\Android Studio\jre\bin;C:\WINDOWS\SYSTEM32;C:\WINDOWS\WinSxS\amd64_microsoft.windows.common-controls_6595b64144ccf1df_6.0.22621.608_none_a9444ca7c10bb01d;C:\Program Files\Android\Android Studio\jre\bin\server

VM Arguments:
jvm_args: -Djava.awt.headless=true -Djava.util.logging.config.file=C:\Users\A412DA\.android\utp\logging3190096641487419516properties -Dfile.encoding=UTF-8 -Duser.country=US -Duser.language=en -Duser.variant 
java_command: com.google.testing.platform.launcher.Launcher C:\Users\A412DA\.gradle\caches\modules-2\files-2.1\com.google.testing.platform\core\0.0.8-alpha07\185ff5f0c2380a7a283320bc5ec9130dbcbbb030\core-0.0.8-alpha07.jar --proto_config=C:\Users\A412DA\.android\utp\runnerConfig14887803469594261842.pb --proto_server_config=C:\Users\A412DA\.android\utp\serverConfig6210740435494475172.pb
java_class_path (initial): C:\Users\A412DA\.gradle\caches\modules-2\files-2.1\com.google.testing.platform\launcher\0.0.8-alpha07\47d15094202612b26f5a07fbfbe17ff8900a58c4\launcher-0.0.8-alpha07.jar
Launcher Type: SUN_STANDARD

[Global flags]
     intx CICompilerCount                          = 4                                         {product} {ergonomic}
     uint ConcGCThreads                            = 2                                         {product} {ergonomic}
     uint G1ConcRefinementThreads                  = 8                                         {product} {ergonomic}
   size_t G1HeapRegionSize                         = 1048576                                   {product} {ergonomic}
    uintx GCDrainStackTargetSize                   = 64                                        {product} {ergonomic}
   size_t InitialHeapSize                          = 58720256                                  {product} {ergonomic}
   size_t MarkStackSize                            = 4194304                                   {product} {ergonomic}
   size_t MaxHeapSize                              = 926941184                                 {product} {ergonomic}
   size_t MaxNewSize                               = 555745280                                 {product} {ergonomic}
   size_t MinHeapDeltaBytes                        = 1048576                                   {product} {ergonomic}
    uintx NonNMethodCodeHeapSize                   = 5836300                                {pd product} {ergonomic}
    uintx NonProfiledCodeHeapSize                  = 122910970                              {pd product} {ergonomic}
    uintx ProfiledCodeHeapSize                     = 122910970                              {pd product} {ergonomic}
    uintx ReservedCodeCacheSize                    = 251658240                              {pd product} {ergonomic}
     bool SegmentedCodeCache                       = true                                      {product} {ergonomic}
     bool UseCompressedClassPointers               = true                                 {lp64_product} {ergonomic}
     bool UseCompressedOops                        = true                                 {lp64_product} {ergonomic}
     bool UseG1GC                                  = true                                      {product} {ergonomic}
     bool UseLargePagesIndividualAllocation        = false                                  {pd product} {ergonomic}

Logging:
Log output configuration:
 #0: stdout all=warning uptime,level,tags
 #1: stderr all=off uptime,level,tags

Environment Variables:
JAVA_HOME=C:\Program Files\Eclipse Adoptium\jdk-11.0.14.101-hotspot\
PATH=C:\Program Files (x86)\Common Files\Intel\Shared Files\cpp\bin\Intel64;C:\Program Files\Eclipse Adoptium\jdk-11.0.14.101-hotspot\bin;C:\WINDOWS\system32;C:\WINDOWS;C:\WINDOWS\System32\Wbem;C:\WINDOWS\System32\WindowsPowerShell\v1.0\;C:\WINDOWS\System32\OpenSSH\;C:\Program Files\Intel\WiFi\bin\;C:\Program Files\Common Files\Intel\WirelessCommon\;D:\Git\cmd;C:\xampp\php;C:\ProgramData\ComposerSetup\bin;C:\Program Files\nodejs\;C:\Users\A412DA\AppData\Local\Microsoft\WindowsApps;C:\Users\A412DA\AppData\Local\Programs\Microsoft VS Code\bin;C:\Users\A412DA\AppData\Local\GitHubDesktop\bin;C:\Users\A412DA\AppData\Roaming\Composer\vendor\bin;C:\Users\A412DA\AppData\Roaming\npm
USERNAME=A412DA
OS=Windows_NT
PROCESSOR_IDENTIFIER=AMD64 Family 23 Model 24 Stepping 1, AuthenticAMD



---------------  S Y S T E M  ---------------

OS: Windows 11 , 64 bit Build 22621 (10.0.22621.755)
OS uptime: 0 days 1:53 hours

CPU:total 8 (initial active 8) (8 cores per cpu, 2 threads per core) family 23 model 24 stepping 1 microcode 0x0, cmov, cx8, fxsr, mmx, sse, sse2, sse3, ssse3, sse4.1, sse4.2, popcnt, avx, avx2, aes, clmul, mmxext, 3dnowpref, lzcnt, sse4a, ht, tsc, tscinvbit, tscinv, bmi1, bmi2, adx, sha, fma

Memory: 4k page, system-wide physical 3530M (152M free)
TotalPageFile size 14282M (AvailPageFile size 4M)
current process WorkingSet (physical memory assigned to process): 114M, peak: 114M
current process commit charge ("private bytes"): 173M, peak: 174M

vm_info: OpenJDK 64-Bit Server VM (11.0.13+0-b1751.21-8125866) for windows-amd64 JRE (11.0.13+0-b1751.21-8125866), built on Feb  2 2022 03:00:22 by "builder" with MS VC++ 14.0 (VS2015)

END.
