#
# There is insufficient memory for the Java Runtime Environment to continue.
# Native memory allocation (malloc) failed to allocate 739536 bytes for Chunk::new
# Possible reasons:
#   The system is out of physical RAM or swap space
#   The process is running with CompressedOops enabled, and the Java Heap may be blocking the growth of the native heap
# Possible solutions:
#   Reduce memory load on the system
#   Increase physical memory or swap space
#   Check if swap backing store is full
#   Decrease Java heap size (-Xmx/-Xms)
#   Decrease number of Java threads
#   Decrease Java thread stack sizes (-Xss)
#   Set larger code cache with -XX:ReservedCodeCacheSize=
#   JVM is running with Unscaled Compressed Oops mode in which the Java heap is
#     placed in the first 4GB address space. The Java Heap base address is the
#     maximum limit for the native heap growth. Please use -XX:HeapBaseMinAddress
#     to set the Java Heap base and to place the Java Heap above 4GB virtual address.
# This output file may be truncated or incomplete.
#
#  Out of Memory Error (./src/hotspot/share/memory/arena.cpp:197), pid=3868, tid=14176
#
# JRE version: OpenJDK Runtime Environment (11.0.13) (build 11.0.13+0-b1751.21-8125866)
# Java VM: OpenJDK 64-Bit Server VM (11.0.13+0-b1751.21-8125866, mixed mode, tiered, compressed oops, g1 gc, windows-amd64)
# No core dump will be written. Minidumps are not enabled by default on client versions of Windows
#

---------------  S U M M A R Y ------------

Command Line: -Djava.awt.headless=true -Djava.util.logging.config.file=C:\Users\A412DA\.android\utp\logging18368208304977955696properties -Dfile.encoding=UTF-8 -Duser.country=US -Duser.language=en -Duser.variant com.google.testing.platform.launcher.Launcher C:\Users\A412DA\.gradle\caches\modules-2\files-2.1\com.google.testing.platform\core\0.0.8-alpha07\185ff5f0c2380a7a283320bc5ec9130dbcbbb030\core-0.0.8-alpha07.jar --proto_config=C:\Users\A412DA\.android\utp\runnerConfig9478972671535633607.pb --proto_server_config=C:\Users\A412DA\.android\utp\serverConfig10250892026695369303.pb

Host: AMD Ryzen 5 3500U with Radeon Vega Mobile Gfx  , 8 cores, 3G,  Windows 11 , 64 bit Build 22621 (10.0.22621.755)
Time: Mon Dec  5 22:15:17 2022 SE Asia Standard Time elapsed time: 2.660203 seconds (0d 0h 0m 2s)

---------------  T H R E A D  ---------------

Current thread (0x000001db1aaca000):  JavaThread "C2 CompilerThread0" daemon [_thread_in_native, id=14176, stack(0x000000bda1300000,0x000000bda1400000)]


Current CompileTask:
C2:   2660 1626   !   4       jdk.internal.loader.BuiltinClassLoader::loadClassOrNull (143 bytes)

Stack: [0x000000bda1300000,0x000000bda1400000]
Native frames: (J=compiled Java code, j=interpreted, Vv=VM code, C=native code)
V  [jvm.dll+0x6100fa]
V  [jvm.dll+0x747090]
V  [jvm.dll+0x7486ad]
V  [jvm.dll+0x748d83]
V  [jvm.dll+0x24ab48]
V  [jvm.dll+0xc04dc]
V  [jvm.dll+0xc0a0c]
V  [jvm.dll+0x2bfab4]
V  [jvm.dll+0x524238]
V  [jvm.dll+0x204802]
V  [jvm.dll+0x2023c2]
V  [jvm.dll+0x188e01]
V  [jvm.dll+0x21106b]
V  [jvm.dll+0x20f8c1]
V  [jvm.dll+0x70de0f]
V  [jvm.dll+0x706a75]
V  [jvm.dll+0x60ed66]
C  [ucrtbase.dll+0x29363]
C  [KERNEL32.DLL+0x1244d]
C  [ntdll.dll+0x5dfb8]


---------------  P R O C E S S  ---------------

Threads class SMR info:
_java_thread_list=0x000001db1ede3640, length=18, elements={
0x000001db011e8000, 0x000001db1aa62000, 0x000001db1aa63800, 0x000001db1aac4800,
0x000001db1aac5800, 0x000001db1aac7800, 0x000001db1aaca000, 0x000001db1aacb800,
0x000001db1aad2800, 0x000001db1b57c000, 0x000001db1d164000, 0x000001db1d94d000,
0x000001db1d5af800, 0x000001db1d5b8800, 0x000001db1ec07000, 0x000001db1e7c2800,
0x000001db1d65e000, 0x000001db1d702000
}

Java Threads: ( => current thread )
  0x000001db011e8000 JavaThread "main" [_thread_in_native, id=756, stack(0x000000bda0700000,0x000000bda0800000)]
  0x000001db1aa62000 JavaThread "Reference Handler" daemon [_thread_blocked, id=10428, stack(0x000000bda0e00000,0x000000bda0f00000)]
  0x000001db1aa63800 JavaThread "Finalizer" daemon [_thread_blocked, id=12252, stack(0x000000bda0f00000,0x000000bda1000000)]
  0x000001db1aac4800 JavaThread "Signal Dispatcher" daemon [_thread_blocked, id=8412, stack(0x000000bda1000000,0x000000bda1100000)]
  0x000001db1aac5800 JavaThread "Attach Listener" daemon [_thread_blocked, id=14172, stack(0x000000bda1100000,0x000000bda1200000)]
  0x000001db1aac7800 JavaThread "Service Thread" daemon [_thread_blocked, id=8516, stack(0x000000bda1200000,0x000000bda1300000)]
=>0x000001db1aaca000 JavaThread "C2 CompilerThread0" daemon [_thread_in_native, id=14176, stack(0x000000bda1300000,0x000000bda1400000)]
  0x000001db1aacb800 JavaThread "C1 CompilerThread0" daemon [_thread_blocked, id=5756, stack(0x000000bda1400000,0x000000bda1500000)]
  0x000001db1aad2800 JavaThread "Sweeper thread" daemon [_thread_blocked, id=5696, stack(0x000000bda1500000,0x000000bda1600000)]
  0x000001db1b57c000 JavaThread "Common-Cleaner" daemon [_thread_blocked, id=14060, stack(0x000000bda1700000,0x000000bda1800000)]
  0x000001db1d164000 JavaThread "grpc-nio-worker-ELG-4-1" daemon [_thread_in_native, id=6628, stack(0x000000bda1a00000,0x000000bda1b00000)]
  0x000001db1d94d000 JavaThread "grpc-default-executor-0" daemon [_thread_blocked, id=13240, stack(0x000000bda1b00000,0x000000bda1c00000)]
  0x000001db1d5af800 JavaThread "grpc-default-executor-1" daemon [_thread_blocked, id=6244, stack(0x000000bda1c00000,0x000000bda1d00000)]
  0x000001db1d5b8800 JavaThread "grpc-default-executor-2" daemon [_thread_blocked, id=8224, stack(0x000000bda1d00000,0x000000bda1e00000)]
  0x000001db1ec07000 JavaThread "Monitor" [_thread_in_native, id=8312, stack(0x000000bda1e00000,0x000000bda1f00000)]
  0x000001db1e7c2800 JavaThread "adb:stderr reader" [_thread_in_native, id=14108, stack(0x000000bda1f00000,0x000000bda2000000)]
  0x000001db1d65e000 JavaThread "adb:stdout reader" [_thread_in_native, id=5344, stack(0x000000bda2000000,0x000000bda2100000)]
  0x000001db1d702000 JavaThread "grpc-nio-worker-ELG-4-2" daemon [_thread_in_vm, id=10636, stack(0x000000bda2100000,0x000000bda2200000)]

Other Threads:
  0x000001db1aa5e800 VMThread "VM Thread" [stack: 0x000000bda0d00000,0x000000bda0e00000] [id=2092]
  0x000001db1b571800 WatcherThread [stack: 0x000000bda1600000,0x000000bda1700000] [id=976]
  0x000001db01200800 GCTaskThread "GC Thread#0" [stack: 0x000000bda0800000,0x000000bda0900000] [id=9920]
  0x000001db1ba83800 GCTaskThread "GC Thread#1" [stack: 0x000000bda1800000,0x000000bda1900000] [id=11816]
  0x000001db1cd3d800 GCTaskThread "GC Thread#2" [stack: 0x000000bda2300000,0x000000bda2400000] [id=6596]
  0x000001db1cd3e000 GCTaskThread "GC Thread#3" [stack: 0x000000bda2400000,0x000000bda2500000] [id=11548]
  0x000001db1e4a4800 GCTaskThread "GC Thread#4" [stack: 0x000000bda2500000,0x000000bda2600000] [id=3828]
  0x000001db1e4a5000 GCTaskThread "GC Thread#5" [stack: 0x000000bda2600000,0x000000bda2700000] [id=6200]
  0x000001db1e4a6000 GCTaskThread "GC Thread#6" [stack: 0x000000bda2700000,0x000000bda2800000] [id=8496]
  0x000001db1da50800 GCTaskThread "GC Thread#7" [stack: 0x000000bda2800000,0x000000bda2900000] [id=9296]
  0x000001db0121a000 ConcurrentGCThread "G1 Main Marker" [stack: 0x000000bda0900000,0x000000bda0a00000] [id=3716]
  0x000001db0121c000 ConcurrentGCThread "G1 Conc#0" [stack: 0x000000bda0a00000,0x000000bda0b00000] [id=8688]
  0x000001db1cc84800 ConcurrentGCThread "G1 Conc#1" [stack: 0x000000bda1900000,0x000000bda1a00000] [id=8344]
  0x000001db01271800 ConcurrentGCThread "G1 Refine#0" [stack: 0x000000bda0b00000,0x000000bda0c00000] [id=2808]
  0x000001db01275000 ConcurrentGCThread "G1 Young RemSet Sampling" [stack: 0x000000bda0c00000,0x000000bda0d00000] [id=5816]

Threads with active compile tasks:
C2 CompilerThread0   2711 1626   !   4       jdk.internal.loader.BuiltinClassLoader::loadClassOrNull (143 bytes)

VM state:not at safepoint (normal execution)

VM Mutex/Monitor currently owned by a thread:  ([mutex/lock_event])
[0x000001db011e3d00] AdapterHandlerLibrary_lock - owner thread: 0x0000000000000000

Heap address: 0x00000000c8c00000, size: 884 MB, Compressed Oops mode: 32-bit
Narrow klass base: 0x0000000000000000, Narrow klass shift: 3
Compressed class space size: 1073741824 Address: 0x0000000100000000

Heap:
 garbage-first heap   total 57344K, used 11807K [0x00000000c8c00000, 0x0000000100000000)
  region size 1024K, 4 young (4096K), 3 survivors (3072K)
 Metaspace       used 29541K, capacity 30164K, committed 30384K, reserved 1077248K
  class space    used 3300K, capacity 3465K, committed 3584K, reserved 1048576K
Heap Regions: E=young(eden), S=young(survivor), O=old, HS=humongous(starts), HC=humongous(continues), CS=collection set, F=free, A=archive, TAMS=top-at-mark-start (previous, next)
|   0|0x00000000c8c00000, 0x00000000c8d00000, 0x00000000c8d00000|100%|HS|  |TAMS 0x00000000c8d00000, 0x00000000c8c00000| Complete 
|   1|0x00000000c8d00000, 0x00000000c8e00000, 0x00000000c8e00000|100%|HS|  |TAMS 0x00000000c8e00000, 0x00000000c8d00000| Complete 
|   2|0x00000000c8e00000, 0x00000000c8f00000, 0x00000000c8f00000|100%|HC|  |TAMS 0x00000000c8f00000, 0x00000000c8e00000| Complete 
|   3|0x00000000c8f00000, 0x00000000c9000000, 0x00000000c9000000|100%| O|  |TAMS 0x00000000c9000000, 0x00000000c8f00000| Untracked 
|   4|0x00000000c9000000, 0x00000000c9100000, 0x00000000c9100000|100%| O|  |TAMS 0x00000000c9100000, 0x00000000c9000000| Untracked 
|   5|0x00000000c9100000, 0x00000000c9200000, 0x00000000c9200000|100%| O|  |TAMS 0x00000000c9200000, 0x00000000c9100000| Untracked 
|   6|0x00000000c9200000, 0x00000000c9300000, 0x00000000c9300000|100%| O|  |TAMS 0x00000000c9300000, 0x00000000c9200000| Untracked 
|   7|0x00000000c9300000, 0x00000000c9400000, 0x00000000c9400000|100%| O|  |TAMS 0x00000000c9400000, 0x00000000c9300000| Untracked 
|   8|0x00000000c9400000, 0x00000000c94fc400, 0x00000000c9500000| 98%| O|  |TAMS 0x00000000c94fc400, 0x00000000c9400000| Untracked 
|   9|0x00000000c9500000, 0x00000000c9500000, 0x00000000c9600000|  0%| F|  |TAMS 0x00000000c9500000, 0x00000000c9500000| Untracked 
|  10|0x00000000c9600000, 0x00000000c9600000, 0x00000000c9700000|  0%| F|  |TAMS 0x00000000c9600000, 0x00000000c9600000| Untracked 
|  11|0x00000000c9700000, 0x00000000c9700000, 0x00000000c9800000|  0%| F|  |TAMS 0x00000000c9700000, 0x00000000c9700000| Untracked 
|  12|0x00000000c9800000, 0x00000000c9800000, 0x00000000c9900000|  0%| F|  |TAMS 0x00000000c9800000, 0x00000000c9800000| Untracked 
|  13|0x00000000c9900000, 0x00000000c9900000, 0x00000000c9a00000|  0%| F|  |TAMS 0x00000000c9900000, 0x00000000c9900000| Untracked 
|  14|0x00000000c9a00000, 0x00000000c9a00000, 0x00000000c9b00000|  0%| F|  |TAMS 0x00000000c9a00000, 0x00000000c9a00000| Untracked 
|  15|0x00000000c9b00000, 0x00000000c9b00000, 0x00000000c9c00000|  0%| F|  |TAMS 0x00000000c9b00000, 0x00000000c9b00000| Untracked 
|  16|0x00000000c9c00000, 0x00000000c9c00000, 0x00000000c9d00000|  0%| F|  |TAMS 0x00000000c9c00000, 0x00000000c9c00000| Untracked 
|  17|0x00000000c9d00000, 0x00000000c9d00000, 0x00000000c9e00000|  0%| F|  |TAMS 0x00000000c9d00000, 0x00000000c9d00000| Untracked 
|  18|0x00000000c9e00000, 0x00000000c9e00000, 0x00000000c9f00000|  0%| F|  |TAMS 0x00000000c9e00000, 0x00000000c9e00000| Untracked 
|  19|0x00000000c9f00000, 0x00000000c9f00000, 0x00000000ca000000|  0%| F|  |TAMS 0x00000000c9f00000, 0x00000000c9f00000| Untracked 
|  20|0x00000000ca000000, 0x00000000ca000000, 0x00000000ca100000|  0%| F|  |TAMS 0x00000000ca000000, 0x00000000ca000000| Untracked 
|  21|0x00000000ca100000, 0x00000000ca100000, 0x00000000ca200000|  0%| F|  |TAMS 0x00000000ca100000, 0x00000000ca100000| Untracked 
|  22|0x00000000ca200000, 0x00000000ca200000, 0x00000000ca300000|  0%| F|  |TAMS 0x00000000ca200000, 0x00000000ca200000| Untracked 
|  23|0x00000000ca300000, 0x00000000ca300000, 0x00000000ca400000|  0%| F|  |TAMS 0x00000000ca300000, 0x00000000ca300000| Untracked 
|  24|0x00000000ca400000, 0x00000000ca400000, 0x00000000ca500000|  0%| F|  |TAMS 0x00000000ca400000, 0x00000000ca400000| Untracked 
|  25|0x00000000ca500000, 0x00000000ca500000, 0x00000000ca600000|  0%| F|  |TAMS 0x00000000ca500000, 0x00000000ca500000| Untracked 
|  26|0x00000000ca600000, 0x00000000ca600000, 0x00000000ca700000|  0%| F|  |TAMS 0x00000000ca600000, 0x00000000ca600000| Untracked 
|  27|0x00000000ca700000, 0x00000000ca700000, 0x00000000ca800000|  0%| F|  |TAMS 0x00000000ca700000, 0x00000000ca700000| Untracked 
|  28|0x00000000ca800000, 0x00000000ca800000, 0x00000000ca900000|  0%| F|  |TAMS 0x00000000ca800000, 0x00000000ca800000| Untracked 
|  29|0x00000000ca900000, 0x00000000ca900000, 0x00000000caa00000|  0%| F|  |TAMS 0x00000000ca900000, 0x00000000ca900000| Untracked 
|  30|0x00000000caa00000, 0x00000000caa00000, 0x00000000cab00000|  0%| F|  |TAMS 0x00000000caa00000, 0x00000000caa00000| Untracked 
|  31|0x00000000cab00000, 0x00000000cab00000, 0x00000000cac00000|  0%| F|  |TAMS 0x00000000cab00000, 0x00000000cab00000| Untracked 
|  32|0x00000000cac00000, 0x00000000cac00000, 0x00000000cad00000|  0%| F|  |TAMS 0x00000000cac00000, 0x00000000cac00000| Untracked 
|  33|0x00000000cad00000, 0x00000000cad00000, 0x00000000cae00000|  0%| F|  |TAMS 0x00000000cad00000, 0x00000000cad00000| Untracked 
|  34|0x00000000cae00000, 0x00000000cae00000, 0x00000000caf00000|  0%| F|  |TAMS 0x00000000cae00000, 0x00000000cae00000| Untracked 
|  35|0x00000000caf00000, 0x00000000caf00000, 0x00000000cb000000|  0%| F|  |TAMS 0x00000000caf00000, 0x00000000caf00000| Untracked 
|  36|0x00000000cb000000, 0x00000000cb000000, 0x00000000cb100000|  0%| F|  |TAMS 0x00000000cb000000, 0x00000000cb000000| Untracked 
|  37|0x00000000cb100000, 0x00000000cb100000, 0x00000000cb200000|  0%| F|  |TAMS 0x00000000cb100000, 0x00000000cb100000| Untracked 
|  38|0x00000000cb200000, 0x00000000cb200000, 0x00000000cb300000|  0%| F|  |TAMS 0x00000000cb200000, 0x00000000cb200000| Untracked 
|  39|0x00000000cb300000, 0x00000000cb300000, 0x00000000cb400000|  0%| F|  |TAMS 0x00000000cb300000, 0x00000000cb300000| Untracked 
|  40|0x00000000cb400000, 0x00000000cb400000, 0x00000000cb500000|  0%| F|  |TAMS 0x00000000cb400000, 0x00000000cb400000| Untracked 
|  41|0x00000000cb500000, 0x00000000cb500000, 0x00000000cb600000|  0%| F|  |TAMS 0x00000000cb500000, 0x00000000cb500000| Untracked 
|  42|0x00000000cb600000, 0x00000000cb600000, 0x00000000cb700000|  0%| F|  |TAMS 0x00000000cb600000, 0x00000000cb600000| Untracked 
|  43|0x00000000cb700000, 0x00000000cb700000, 0x00000000cb800000|  0%| F|  |TAMS 0x00000000cb700000, 0x00000000cb700000| Untracked 
|  44|0x00000000cb800000, 0x00000000cb88bad8, 0x00000000cb900000| 54%| S|CS|TAMS 0x00000000cb800000, 0x00000000cb800000| Complete 
|  45|0x00000000cb900000, 0x00000000cba00000, 0x00000000cba00000|100%| S|CS|TAMS 0x00000000cb900000, 0x00000000cb900000| Complete 
|  46|0x00000000cba00000, 0x00000000cbb00000, 0x00000000cbb00000|100%| S|CS|TAMS 0x00000000cba00000, 0x00000000cba00000| Complete 
|  47|0x00000000cbb00000, 0x00000000cbb00000, 0x00000000cbc00000|  0%| F|  |TAMS 0x00000000cbb00000, 0x00000000cbb00000| Untracked 
|  48|0x00000000cbc00000, 0x00000000cbc00000, 0x00000000cbd00000|  0%| F|  |TAMS 0x00000000cbc00000, 0x00000000cbc00000| Untracked 
|  49|0x00000000cbd00000, 0x00000000cbd00000, 0x00000000cbe00000|  0%| F|  |TAMS 0x00000000cbd00000, 0x00000000cbd00000| Untracked 
|  50|0x00000000cbe00000, 0x00000000cbe00000, 0x00000000cbf00000|  0%| F|  |TAMS 0x00000000cbe00000, 0x00000000cbe00000| Untracked 
|  51|0x00000000cbf00000, 0x00000000cbf00000, 0x00000000cc000000|  0%| F|  |TAMS 0x00000000cbf00000, 0x00000000cbf00000| Untracked 
|  52|0x00000000cc000000, 0x00000000cc000000, 0x00000000cc100000|  0%| F|  |TAMS 0x00000000cc000000, 0x00000000cc000000| Untracked 
|  53|0x00000000cc100000, 0x00000000cc100000, 0x00000000cc200000|  0%| F|  |TAMS 0x00000000cc100000, 0x00000000cc100000| Untracked 
|  54|0x00000000cc200000, 0x00000000cc200000, 0x00000000cc300000|  0%| F|  |TAMS 0x00000000cc200000, 0x00000000cc200000| Untracked 
|  55|0x00000000cc300000, 0x00000000cc388b08, 0x00000000cc400000| 53%| E|  |TAMS 0x00000000cc300000, 0x00000000cc300000| Complete 

Card table byte_map: [0x000001db16110000,0x000001db162d0000] _byte_map_base: 0x000001db15aca000

Marking Bits (Prev, Next): (CMBitMap*) 0x000001db01215ca8, (CMBitMap*) 0x000001db01215ce0
 Prev Bits: [0x000001db16490000, 0x000001db17260000)
 Next Bits: [0x000001db17260000, 0x000001db18030000)

Polling page: 0x000001db012c0000

Metaspace:

Usage:
  Non-class:     26.07 MB capacity,    25.65 MB ( 98%) used,   394.13 KB (  1%) free+waste,    42.31 KB ( <1%) overhead. 
      Class:      3.38 MB capacity,     3.22 MB ( 95%) used,   144.63 KB (  4%) free+waste,    18.13 KB ( <1%) overhead. 
       Both:     29.46 MB capacity,    28.87 MB ( 98%) used,   538.76 KB (  2%) free+waste,    60.44 KB ( <1%) overhead. 

Virtual space:
  Non-class space:       28.00 MB reserved,      26.17 MB ( 93%) committed 
      Class space:        1.00 GB reserved,       3.50 MB ( <1%) committed 
             Both:        1.03 GB reserved,      29.67 MB (  3%) committed 

Chunk freelists:
   Non-Class:  37.00 KB
       Class:  23.00 KB
        Both:  60.00 KB

MaxMetaspaceSize: 17179869184.00 GB
CompressedClassSpaceSize: 1.00 GB
Initial GC threshold: 20.80 MB
Current GC threshold: 49.45 MB
CDS: off

CodeHeap 'non-profiled nmethods': size=120000Kb used=552Kb max_used=552Kb free=119447Kb
 bounds [0x000001db0dfb0000, 0x000001db0e220000, 0x000001db154e0000]
CodeHeap 'profiled nmethods': size=120000Kb used=3155Kb max_used=3155Kb free=116844Kb
 bounds [0x000001db06a80000, 0x000001db06da0000, 0x000001db0dfb0000]
CodeHeap 'non-nmethods': size=5760Kb used=1243Kb max_used=1293Kb free=4516Kb
 bounds [0x000001db064e0000, 0x000001db06750000, 0x000001db06a80000]
 total_blobs=2221 nmethods=1691 adapters=443
 compilation: enabled
              stopped_count=0, restarted_count=0
 full_count=0

Compilation events (20 events):
Event: 2.619 Thread 0x000001db1aacb800 1663       3       java.lang.reflect.Method::copy (84 bytes)
Event: 2.619 Thread 0x000001db1aacb800 nmethod 1663 0x000001db06d6bc90 code [0x000001db06d6be60, 0x000001db06d6c258]
Event: 2.621 Thread 0x000001db1aacb800 1666       3       jdk.internal.loader.URLClassPath$JarLoader$2::getBytes (48 bytes)
Event: 2.621 Thread 0x000001db1aacb800 nmethod 1666 0x000001db06d6c390 code [0x000001db06d6c5a0, 0x000001db06d6cca8]
Event: 2.624 Thread 0x000001db1aacb800 1667   !   3       java.security.Provider::getService (128 bytes)
Event: 2.625 Thread 0x000001db1aacb800 nmethod 1667 0x000001db06d6cf10 code [0x000001db06d6d180, 0x000001db06d6de68]
Event: 2.625 Thread 0x000001db1aacb800 1668       3       java.security.Provider$ServiceKey::matches (22 bytes)
Event: 2.626 Thread 0x000001db1aacb800 nmethod 1668 0x000001db06d6e290 code [0x000001db06d6e440, 0x000001db06d6e5d8]
Event: 2.626 Thread 0x000001db1aacb800 1669       3       sun.security.jca.ProviderList::getProvider (22 bytes)
Event: 2.626 Thread 0x000001db1aacb800 nmethod 1669 0x000001db06d6e690 code [0x000001db06d6e860, 0x000001db06d6ea28]
Event: 2.627 Thread 0x000001db1aacb800 1670       3       java.math.BigInteger::trustedStripLeadingZeroInts (37 bytes)
Event: 2.628 Thread 0x000001db1aacb800 nmethod 1670 0x000001db06d6eb10 code [0x000001db06d6ece0, 0x000001db06d6ef48]
Event: 2.632 Thread 0x000001db1aacb800 1671       3       sun.security.ssl.CipherSuite$KeyExchange::isAvailable (46 bytes)
Event: 2.632 Thread 0x000001db1aacb800 nmethod 1671 0x000001db06d6f090 code [0x000001db06d6f260, 0x000001db06d6f508]
Event: 2.632 Thread 0x000001db1aacb800 1672       3       java.util.ArrayList::subList (20 bytes)
Event: 2.633 Thread 0x000001db1aacb800 nmethod 1672 0x000001db06d6f610 code [0x000001db06d6f800, 0x000001db06d6fba8]
Event: 2.633 Thread 0x000001db1aacb800 1673       3       java.util.AbstractList::subListRangeCheck (110 bytes)
Event: 2.634 Thread 0x000001db1aacb800 nmethod 1673 0x000001db06d6fd10 code [0x000001db06d70140, 0x000001db06d71a68]
Event: 2.634 Thread 0x000001db1aacb800 1674       3       java.util.ArrayList$SubList::<init> (35 bytes)
Event: 2.635 Thread 0x000001db1aacb800 nmethod 1674 0x000001db06d72310 code [0x000001db06d724e0, 0x000001db06d72798]

GC Heap History (6 events):
Event: 1.050 GC heap before
{Heap before GC invocations=0 (full 0):
 garbage-first heap   total 57344K, used 27648K [0x00000000c8c00000, 0x0000000100000000)
  region size 1024K, 24 young (24576K), 0 survivors (0K)
 Metaspace       used 15803K, capacity 16090K, committed 16384K, reserved 1064960K
  class space    used 1659K, capacity 1736K, committed 1792K, reserved 1048576K
}
Event: 1.057 GC heap after
{Heap after GC invocations=1 (full 0):
 garbage-first heap   total 57344K, used 6582K [0x00000000c8c00000, 0x0000000100000000)
  region size 1024K, 3 young (3072K), 3 survivors (3072K)
 Metaspace       used 15803K, capacity 16090K, committed 16384K, reserved 1064960K
  class space    used 1659K, capacity 1736K, committed 1792K, reserved 1048576K
}
Event: 1.550 GC heap before
{Heap before GC invocations=1 (full 0):
 garbage-first heap   total 57344K, used 20918K [0x00000000c8c00000, 0x0000000100000000)
  region size 1024K, 18 young (18432K), 3 survivors (3072K)
 Metaspace       used 20639K, capacity 21126K, committed 21296K, reserved 1069056K
  class space    used 2187K, capacity 2322K, committed 2432K, reserved 1048576K
}
Event: 1.560 GC heap after
{Heap after GC invocations=2 (full 0):
 garbage-first heap   total 57344K, used 9169K [0x00000000c8c00000, 0x0000000100000000)
  region size 1024K, 3 young (3072K), 3 survivors (3072K)
 Metaspace       used 20639K, capacity 21126K, committed 21296K, reserved 1069056K
  class space    used 2187K, capacity 2322K, committed 2432K, reserved 1048576K
}
Event: 2.060 GC heap before
{Heap before GC invocations=3 (full 0):
 garbage-first heap   total 57344K, used 30673K [0x00000000c8c00000, 0x0000000100000000)
  region size 1024K, 24 young (24576K), 3 survivors (3072K)
 Metaspace       used 25731K, capacity 26411K, committed 26800K, reserved 1073152K
  class space    used 2806K, capacity 2958K, committed 3072K, reserved 1048576K
}
Event: 2.068 GC heap after
{Heap after GC invocations=4 (full 0):
 garbage-first heap   total 57344K, used 10633K [0x00000000c8c00000, 0x0000000100000000)
  region size 1024K, 2 young (2048K), 2 survivors (2048K)
 Metaspace       used 25731K, capacity 26411K, committed 26800K, reserved 1073152K
  class space    used 2806K, capacity 2958K, committed 3072K, reserved 1048576K
}

Deoptimization events (20 events):
Event: 2.583 Thread 0x000001db1d94d000 Uncommon trap: trap_request=0xffffff4d fr.pc=0x000001db0e000490 relative=0x00000000000001d0
Event: 2.583 Thread 0x000001db1d94d000 Uncommon trap: reason=unstable_if action=reinterpret pc=0x000001db0e000490 method=java.util.HashMap.getNode(ILjava/lang/Object;)Ljava/util/HashMap$Node; @ 62 c2
Event: 2.583 Thread 0x000001db1d94d000 DEOPT PACKING pc=0x000001db0e000490 sp=0x000000bda1bfa270
Event: 2.583 Thread 0x000001db1d94d000 DEOPT UNPACKING pc=0x000001db0652a1af sp=0x000000bda1bfa1e0 mode 2
Event: 2.583 Thread 0x000001db1d94d000 Uncommon trap: trap_request=0xffffffde fr.pc=0x000001db0e00370c relative=0x0000000000000dcc
Event: 2.583 Thread 0x000001db1d94d000 Uncommon trap: reason=class_check action=maybe_recompile pc=0x000001db0e00370c method=java.util.HashMap.putVal(ILjava/lang/Object;Ljava/lang/Object;ZZ)Ljava/lang/Object; @ 91 c2
Event: 2.583 Thread 0x000001db1d94d000 DEOPT PACKING pc=0x000001db0e00370c sp=0x000000bda1bfa240
Event: 2.583 Thread 0x000001db1d94d000 DEOPT UNPACKING pc=0x000001db0652a1af sp=0x000000bda1bfa1e0 mode 2
Event: 2.584 Thread 0x000001db1d94d000 Uncommon trap: trap_request=0xffffffde fr.pc=0x000001db0e00370c relative=0x0000000000000dcc
Event: 2.584 Thread 0x000001db1d94d000 Uncommon trap: reason=class_check action=maybe_recompile pc=0x000001db0e00370c method=java.util.HashMap.putVal(ILjava/lang/Object;Ljava/lang/Object;ZZ)Ljava/lang/Object; @ 91 c2
Event: 2.584 Thread 0x000001db1d94d000 DEOPT PACKING pc=0x000001db0e00370c sp=0x000000bda1bfa2a0
Event: 2.584 Thread 0x000001db1d94d000 DEOPT UNPACKING pc=0x000001db0652a1af sp=0x000000bda1bfa240 mode 2
Event: 2.584 Thread 0x000001db1d94d000 Uncommon trap: trap_request=0xffffffde fr.pc=0x000001db0e00370c relative=0x0000000000000dcc
Event: 2.584 Thread 0x000001db1d94d000 Uncommon trap: reason=class_check action=maybe_recompile pc=0x000001db0e00370c method=java.util.HashMap.putVal(ILjava/lang/Object;Ljava/lang/Object;ZZ)Ljava/lang/Object; @ 91 c2
Event: 2.584 Thread 0x000001db1d94d000 DEOPT PACKING pc=0x000001db0e00370c sp=0x000000bda1bfa230
Event: 2.584 Thread 0x000001db1d94d000 DEOPT UNPACKING pc=0x000001db0652a1af sp=0x000000bda1bfa1d0 mode 2
Event: 2.584 Thread 0x000001db1d94d000 Uncommon trap: trap_request=0xffffffde fr.pc=0x000001db0e00370c relative=0x0000000000000dcc
Event: 2.584 Thread 0x000001db1d94d000 Uncommon trap: reason=class_check action=maybe_recompile pc=0x000001db0e00370c method=java.util.HashMap.putVal(ILjava/lang/Object;Ljava/lang/Object;ZZ)Ljava/lang/Object; @ 91 c2
Event: 2.584 Thread 0x000001db1d94d000 DEOPT PACKING pc=0x000001db0e00370c sp=0x000000bda1bfa250
Event: 2.584 Thread 0x000001db1d94d000 DEOPT UNPACKING pc=0x000001db0652a1af sp=0x000000bda1bfa1f0 mode 2

Classes redefined (0 events):
No events

Internal exceptions (20 events):
Event: 1.343 Thread 0x000001db011e8000 Exception <a 'java/lang/NoSuchMethodError'{0x00000000cbea3880}: 'void java.lang.invoke.DirectMethodHandle$Holder.invokeStaticInit(java.lang.Object, java.lang.Object)'> (0x00000000cbea3880) thrown at [./src/hotspot/share/interpreter/linkResolver.cpp, line 773]
Event: 1.344 Thread 0x000001db011e8000 Exception <a 'java/lang/NoSuchMethodError'{0x00000000cbea94f8}: 'int java.lang.invoke.DirectMethodHandle$Holder.invokeStaticInit(java.lang.Object, java.lang.Object)'> (0x00000000cbea94f8) thrown at [./src/hotspot/share/interpreter/linkResolver.cpp, line 773]
Event: 1.483 Thread 0x000001db011e8000 Exception <a 'java/lang/ClassNotFoundException'{0x00000000cb85dc28}: org/eclipse/jetty/alpn/ALPN> (0x00000000cb85dc28) thrown at [./src/hotspot/share/classfile/systemDictionary.cpp, line 231]
Event: 1.483 Thread 0x000001db011e8000 Exception <a 'java/lang/ClassNotFoundException'{0x00000000cb85e1f0}: org/eclipse/jetty/npn/NextProtoNego> (0x00000000cb85e1f0) thrown at [./src/hotspot/share/classfile/systemDictionary.cpp, line 231]
Event: 1.483 Thread 0x000001db011e8000 Exception <a 'java/lang/ClassNotFoundException'{0x00000000cb85e7b0}: org/eclipse/jetty/alpn/ALPN> (0x00000000cb85e7b0) thrown at [./src/hotspot/share/classfile/systemDictionary.cpp, line 231]
Event: 1.483 Thread 0x000001db011e8000 Exception <a 'java/lang/ClassNotFoundException'{0x00000000cb85ed78}: org/eclipse/jetty/npn/NextProtoNego> (0x00000000cb85ed78) thrown at [./src/hotspot/share/classfile/systemDictionary.cpp, line 231]
Event: 1.657 Thread 0x000001db011e8000 Exception <a 'java/lang/NoSuchMethodError'{0x00000000cc2c31e8}: 'java.lang.Object java.lang.invoke.DirectMethodHandle$Holder.invokeStatic(java.lang.Object, java.lang.Object, java.lang.Object, java.lang.Object, java.lang.Object, java.lang.Object, java.lang.Object, int)'> (0x00000000cc2c31e8) thrown at [./src/hotspot/share/interpreter/linkResolver.cpp, line 773]
Event: 1.657 Thread 0x000001db011e8000 Exception <a 'java/lang/NoSuchMethodError'{0x00000000cc2c7620}: 'java.lang.Object java.lang.invoke.DirectMethodHandle$Holder.invokeSpecial(java.lang.Object, java.lang.Object, java.lang.Object, java.lang.Object, java.lang.Object, java.lang.Object, java.lang.Object, java.lang.Object, int)'> (0x00000000cc2c7620) thrown at [./src/hotspot/share/interpreter/linkResolver.cpp, line 773]
Event: 1.898 Thread 0x000001db011e8000 Exception <a 'sun/nio/fs/WindowsException'{0x00000000cbae27d8}> (0x00000000cbae27d8) thrown at [./src/hotspot/share/prims/jni.cpp, line 616]
Event: 1.899 Thread 0x000001db011e8000 Exception <a 'sun/nio/fs/WindowsException'{0x00000000cbae3158}> (0x00000000cbae3158) thrown at [./src/hotspot/share/prims/jni.cpp, line 616]
Event: 1.900 Thread 0x000001db011e8000 Exception <a 'sun/nio/fs/WindowsException'{0x00000000cbae6c28}> (0x00000000cbae6c28) thrown at [./src/hotspot/share/prims/jni.cpp, line 616]
Event: 1.901 Thread 0x000001db011e8000 Exception <a 'sun/nio/fs/WindowsException'{0x00000000cbae7550}> (0x00000000cbae7550) thrown at [./src/hotspot/share/prims/jni.cpp, line 616]
Event: 1.904 Thread 0x000001db011e8000 Exception <a 'sun/nio/fs/WindowsException'{0x00000000cb908290}> (0x00000000cb908290) thrown at [./src/hotspot/share/prims/jni.cpp, line 616]
Event: 1.904 Thread 0x000001db011e8000 Exception <a 'sun/nio/fs/WindowsException'{0x00000000cb908bb8}> (0x00000000cb908bb8) thrown at [./src/hotspot/share/prims/jni.cpp, line 616]
Event: 2.220 Thread 0x000001db1e7c2800 Exception <a 'java/lang/NoSuchMethodError'{0x00000000cbe27578}: 'void java.lang.invoke.DirectMethodHandle$Holder.invokeStatic(java.lang.Object, long)'> (0x00000000cbe27578) thrown at [./src/hotspot/share/interpreter/linkResolver.cpp, line 773]
Event: 2.221 Thread 0x000001db1e7c2800 Exception <a 'java/lang/NoSuchMethodError'{0x00000000cbe2c4e0}: 'java.lang.Object java.lang.invoke.DirectMethodHandle$Holder.invokeStatic(java.lang.Object, long)'> (0x00000000cbe2c4e0) thrown at [./src/hotspot/share/interpreter/linkResolver.cpp, line 773]
Event: 2.224 Thread 0x000001db1e7c2800 Exception <a 'java/lang/NoSuchMethodError'{0x00000000cbe3a378}: 'java.lang.Object java.lang.invoke.DirectMethodHandle$Holder.invokeStaticInit(java.lang.Object, java.lang.Object, long, java.lang.Object)'> (0x00000000cbe3a378) thrown at [./src/hotspot/share/interpreter/linkResolver.cpp, line 773]
Event: 2.225 Thread 0x000001db1e7c2800 Exception <a 'java/lang/NoSuchMethodError'{0x00000000cbe3ffc0}: 'java.lang.Object java.lang.invoke.DirectMethodHandle$Holder.invokeStatic(java.lang.Object, java.lang.Object, long)'> (0x00000000cbe3ffc0) thrown at [./src/hotspot/share/interpreter/linkResolver.cpp, line 773]
Event: 2.226 Thread 0x000001db1e7c2800 Exception <a 'java/lang/NoSuchMethodError'{0x00000000cbe45fe8}: 'java.lang.Object java.lang.invoke.Invokers$Holder.linkToTargetMethod(java.lang.Object, long, java.lang.Object)'> (0x00000000cbe45fe8) thrown at [./src/hotspot/share/interpreter/linkResolver.cpp, line 773]
Event: 2.362 Thread 0x000001db011e8000 Exception <a 'java/lang/NoSuchMethodError'{0x00000000cbfc51f0}: 'java.lang.Object java.lang.invoke.DirectMethodHandle$Holder.invokeInterface(java.lang.Object, java.lang.Object, java.lang.Object, java.lang.Object)'> (0x00000000cbfc51f0) thrown at [./src/hotspot/share/interpreter/linkResolver.cpp, line 773]

Events (20 events):
Event: 2.654 loading class sun/security/ssl/CookieExtension$HRRCookieConsumer done
Event: 2.654 loading class sun/security/ssl/CookieExtension$HRRCookieReproducer
Event: 2.654 loading class sun/security/ssl/CookieExtension$HRRCookieReproducer done
Event: 2.654 loading class sun/security/ssl/CookieExtension$CookieStringizer
Event: 2.654 loading class sun/security/ssl/CookieExtension$CookieStringizer done
Event: 2.654 loading class sun/security/ssl/PskKeyExchangeModesExtension
Event: 2.654 loading class sun/security/ssl/PskKeyExchangeModesExtension done
Event: 2.654 loading class sun/security/ssl/PskKeyExchangeModesExtension$PskKeyExchangeModesProducer
Event: 2.654 loading class sun/security/ssl/PskKeyExchangeModesExtension$PskKeyExchangeModesProducer done
Event: 2.654 loading class sun/security/ssl/PskKeyExchangeModesExtension$PskKeyExchangeModesConsumer
Event: 2.655 loading class sun/security/ssl/PskKeyExchangeModesExtension$PskKeyExchangeModesConsumer done
Event: 2.655 loading class sun/security/ssl/PskKeyExchangeModesExtension$PskKeyExchangeModesOnLoadAbsence
Event: 2.655 loading class sun/security/ssl/PskKeyExchangeModesExtension$PskKeyExchangeModesOnLoadAbsence done
Event: 2.655 loading class sun/security/ssl/PskKeyExchangeModesExtension$PskKeyExchangeModesOnTradeAbsence
Event: 2.655 loading class sun/security/ssl/PskKeyExchangeModesExtension$PskKeyExchangeModesOnTradeAbsence done
Event: 2.655 loading class sun/security/ssl/PskKeyExchangeModesExtension$PskKeyExchangeModesStringizer
Event: 2.655 loading class sun/security/ssl/PskKeyExchangeModesExtension$PskKeyExchangeModesStringizer done
Event: 2.655 loading class sun/security/ssl/CertificateAuthoritiesExtension
Event: 2.655 loading class sun/security/ssl/CertificateAuthoritiesExtension done
Event: 2.655 loading class sun/security/ssl/CertificateAuthoritiesExtension$CHCertificateAuthoritiesProducer


Dynamic libraries:
0x00007ff7df2d0000 - 0x00007ff7df2da000 	C:\Program Files\Android\Android Studio\jre\bin\java.exe
0x00007ff9b2f10000 - 0x00007ff9b3124000 	C:\WINDOWS\SYSTEM32\ntdll.dll
0x00007ff9b17f0000 - 0x00007ff9b18b2000 	C:\WINDOWS\System32\KERNEL32.DLL
0x00007ff9b0550000 - 0x00007ff9b08ed000 	C:\WINDOWS\System32\KERNELBASE.dll
0x00007ff9b0bf0000 - 0x00007ff9b0d01000 	C:\WINDOWS\System32\ucrtbase.dll
0x00007ff9a1e00000 - 0x00007ff9a1e19000 	C:\Program Files\Android\Android Studio\jre\bin\jli.dll
0x00007ff9a1e20000 - 0x00007ff9a1e37000 	C:\Program Files\Android\Android Studio\jre\bin\VCRUNTIME140.dll
0x00007ff9b2770000 - 0x00007ff9b291a000 	C:\WINDOWS\System32\USER32.dll
0x00007ff9b0340000 - 0x00007ff9b0366000 	C:\WINDOWS\System32\win32u.dll
0x00007ff99f600000 - 0x00007ff99f88e000 	C:\WINDOWS\WinSxS\amd64_microsoft.windows.common-controls_6595b64144ccf1df_6.0.22621.608_none_a9444ca7c10bb01d\COMCTL32.dll
0x00007ff9b2ea0000 - 0x00007ff9b2ec9000 	C:\WINDOWS\System32\GDI32.dll
0x00007ff9b18d0000 - 0x00007ff9b1977000 	C:\WINDOWS\System32\msvcrt.dll
0x00007ff9b0a60000 - 0x00007ff9b0b72000 	C:\WINDOWS\System32\gdi32full.dll
0x00007ff9b04b0000 - 0x00007ff9b054a000 	C:\WINDOWS\System32\msvcp_win.dll
0x00007ff9b25e0000 - 0x00007ff9b2612000 	C:\WINDOWS\System32\IMM32.DLL
0x00007ff99fe40000 - 0x00007ff99fedd000 	C:\Program Files\Android\Android Studio\jre\bin\msvcp140.dll
0x00007ff979380000 - 0x00007ff979e82000 	C:\Program Files\Android\Android Studio\jre\bin\server\jvm.dll
0x00007ff9b2cb0000 - 0x00007ff9b2d5e000 	C:\WINDOWS\System32\ADVAPI32.dll
0x00007ff9b0d10000 - 0x00007ff9b0db4000 	C:\WINDOWS\System32\sechost.dll
0x00007ff9b2d80000 - 0x00007ff9b2e95000 	C:\WINDOWS\System32\RPCRT4.dll
0x00007ff9b2aa0000 - 0x00007ff9b2aa8000 	C:\WINDOWS\System32\PSAPI.DLL
0x00007ff9a9800000 - 0x00007ff9a980a000 	C:\WINDOWS\SYSTEM32\VERSION.dll
0x00007ff9a9890000 - 0x00007ff9a98c4000 	C:\WINDOWS\SYSTEM32\WINMM.dll
0x00007ff9ad200000 - 0x00007ff9ad209000 	C:\WINDOWS\SYSTEM32\WSOCK32.dll
0x00007ff9b2a20000 - 0x00007ff9b2a91000 	C:\WINDOWS\System32\WS2_32.dll
0x00007ff9af360000 - 0x00007ff9af378000 	C:\WINDOWS\SYSTEM32\kernel.appcore.dll
0x00007ff9aab10000 - 0x00007ff9aab21000 	C:\Program Files\Android\Android Studio\jre\bin\verify.dll
0x00007ff9adc80000 - 0x00007ff9adeae000 	C:\WINDOWS\SYSTEM32\DBGHELP.DLL
0x00007ff9b1460000 - 0x00007ff9b17ea000 	C:\WINDOWS\System32\combase.dll
0x00007ff9b1330000 - 0x00007ff9b1407000 	C:\WINDOWS\System32\OLEAUT32.dll
0x00007ff99a640000 - 0x00007ff99a672000 	C:\WINDOWS\SYSTEM32\dbgcore.DLL
0x00007ff9b0370000 - 0x00007ff9b03eb000 	C:\WINDOWS\System32\bcryptPrimitives.dll
0x00007ff9aaae0000 - 0x00007ff9aab09000 	C:\Program Files\Android\Android Studio\jre\bin\java.dll
0x00007ff9ab3f0000 - 0x00007ff9ab3fb000 	C:\Program Files\Android\Android Studio\jre\bin\jimage.dll
0x00007ff9aaac0000 - 0x00007ff9aaad8000 	C:\Program Files\Android\Android Studio\jre\bin\zip.dll
0x00007ff9b1980000 - 0x00007ff9b2160000 	C:\WINDOWS\System32\SHELL32.dll
0x00007ff9ae380000 - 0x00007ff9aec45000 	C:\WINDOWS\SYSTEM32\windows.storage.dll
0x00007ff9ae240000 - 0x00007ff9ae37e000 	C:\WINDOWS\SYSTEM32\wintypes.dll
0x00007ff9b0e70000 - 0x00007ff9b0f61000 	C:\WINDOWS\System32\SHCORE.dll
0x00007ff9b1260000 - 0x00007ff9b12be000 	C:\WINDOWS\System32\shlwapi.dll
0x00007ff9b0270000 - 0x00007ff9b0291000 	C:\WINDOWS\SYSTEM32\profapi.dll
0x00007ff9a9aa0000 - 0x00007ff9a9aba000 	C:\Program Files\Android\Android Studio\jre\bin\net.dll
0x00007ff9a85e0000 - 0x00007ff9a870f000 	C:\WINDOWS\SYSTEM32\WINHTTP.dll
0x00007ff9af810000 - 0x00007ff9af879000 	C:\WINDOWS\system32\mswsock.dll
0x00007ff9a9a80000 - 0x00007ff9a9a94000 	C:\Program Files\Android\Android Studio\jre\bin\nio.dll
0x00007ff9aaab0000 - 0x00007ff9aaaba000 	C:\Program Files\Android\Android Studio\jre\bin\management.dll
0x00007ff9a9a70000 - 0x00007ff9a9a7d000 	C:\Program Files\Android\Android Studio\jre\bin\management_ext.dll
0x00007ff9afa50000 - 0x00007ff9afa6b000 	C:\WINDOWS\SYSTEM32\CRYPTSP.dll
0x00007ff9af320000 - 0x00007ff9af355000 	C:\WINDOWS\system32\rsaenh.dll
0x00007ff9af900000 - 0x00007ff9af928000 	C:\WINDOWS\SYSTEM32\USERENV.dll
0x00007ff9afc10000 - 0x00007ff9afc38000 	C:\WINDOWS\SYSTEM32\bcrypt.dll
0x00007ff9afa70000 - 0x00007ff9afa7c000 	C:\WINDOWS\SYSTEM32\CRYPTBASE.dll
0x00007ff9aeee0000 - 0x00007ff9aef0d000 	C:\WINDOWS\SYSTEM32\IPHLPAPI.DLL
0x00007ff9b1130000 - 0x00007ff9b1139000 	C:\WINDOWS\System32\NSI.dll
0x00007ff9a9810000 - 0x00007ff9a9829000 	C:\WINDOWS\SYSTEM32\dhcpcsvc6.DLL
0x00007ff9a7d60000 - 0x00007ff9a7d7f000 	C:\WINDOWS\SYSTEM32\dhcpcsvc.DLL
0x00007ff9aef60000 - 0x00007ff9af052000 	C:\WINDOWS\SYSTEM32\DNSAPI.dll
0x00007ff9a98d0000 - 0x00007ff9a98f7000 	C:\Program Files\Android\Android Studio\jre\bin\sunec.dll
0x00007ff9a5b70000 - 0x00007ff9a5b7a000 	C:\Windows\System32\rasadhlp.dll
0x00007ff9a7390000 - 0x00007ff9a7413000 	C:\WINDOWS\System32\fwpuclnt.dll
0x00007ff9964c0000 - 0x00007ff9964d7000 	C:\WINDOWS\system32\napinsp.dll
0x00007ff9964a0000 - 0x00007ff9964bb000 	C:\WINDOWS\system32\pnrpnsp.dll
0x00007ff996310000 - 0x00007ff996321000 	C:\WINDOWS\System32\winrnr.dll
0x00007ff9958b0000 - 0x00007ff9958c5000 	C:\WINDOWS\system32\wshbth.dll
0x00007ff995880000 - 0x00007ff9958a1000 	C:\WINDOWS\system32\nlansp_c.dll

dbghelp: loaded successfully - version: 4.0.5 - missing functions: none
symbol engine: initialized successfully - sym options: 0x614 - pdb path: .;C:\Program Files\Android\Android Studio\jre\bin;C:\WINDOWS\SYSTEM32;C:\WINDOWS\WinSxS\amd64_microsoft.windows.common-controls_6595b64144ccf1df_6.0.22621.608_none_a9444ca7c10bb01d;C:\Program Files\Android\Android Studio\jre\bin\server

VM Arguments:
jvm_args: -Djava.awt.headless=true -Djava.util.logging.config.file=C:\Users\A412DA\.android\utp\logging18368208304977955696properties -Dfile.encoding=UTF-8 -Duser.country=US -Duser.language=en -Duser.variant 
java_command: com.google.testing.platform.launcher.Launcher C:\Users\A412DA\.gradle\caches\modules-2\files-2.1\com.google.testing.platform\core\0.0.8-alpha07\185ff5f0c2380a7a283320bc5ec9130dbcbbb030\core-0.0.8-alpha07.jar --proto_config=C:\Users\A412DA\.android\utp\runnerConfig9478972671535633607.pb --proto_server_config=C:\Users\A412DA\.android\utp\serverConfig10250892026695369303.pb
java_class_path (initial): C:\Users\A412DA\.gradle\caches\modules-2\files-2.1\com.google.testing.platform\launcher\0.0.8-alpha07\47d15094202612b26f5a07fbfbe17ff8900a58c4\launcher-0.0.8-alpha07.jar
Launcher Type: SUN_STANDARD

[Global flags]
     intx CICompilerCount                          = 4                                         {product} {ergonomic}
     uint ConcGCThreads                            = 2                                         {product} {ergonomic}
     uint G1ConcRefinementThreads                  = 8                                         {product} {ergonomic}
   size_t G1HeapRegionSize                         = 1048576                                   {product} {ergonomic}
    uintx GCDrainStackTargetSize                   = 64                                        {product} {ergonomic}
   size_t InitialHeapSize                          = 58720256                                  {product} {ergonomic}
   size_t MarkStackSize                            = 4194304                                   {product} {ergonomic}
   size_t MaxHeapSize                              = 926941184                                 {product} {ergonomic}
   size_t MaxNewSize                               = 555745280                                 {product} {ergonomic}
   size_t MinHeapDeltaBytes                        = 1048576                                   {product} {ergonomic}
    uintx NonNMethodCodeHeapSize                   = 5836300                                {pd product} {ergonomic}
    uintx NonProfiledCodeHeapSize                  = 122910970                              {pd product} {ergonomic}
    uintx ProfiledCodeHeapSize                     = 122910970                              {pd product} {ergonomic}
    uintx ReservedCodeCacheSize                    = 251658240                              {pd product} {ergonomic}
     bool SegmentedCodeCache                       = true                                      {product} {ergonomic}
     bool UseCompressedClassPointers               = true                                 {lp64_product} {ergonomic}
     bool UseCompressedOops                        = true                                 {lp64_product} {ergonomic}
     bool UseG1GC                                  = true                                      {product} {ergonomic}
     bool UseLargePagesIndividualAllocation        = false                                  {pd product} {ergonomic}

Logging:
Log output configuration:
 #0: stdout all=warning uptime,level,tags
 #1: stderr all=off uptime,level,tags

Environment Variables:
JAVA_HOME=C:\Program Files\Eclipse Adoptium\jdk-11.0.14.101-hotspot\
PATH=C:\Program Files (x86)\Common Files\Intel\Shared Files\cpp\bin\Intel64;C:\Program Files\Eclipse Adoptium\jdk-11.0.14.101-hotspot\bin;C:\WINDOWS\system32;C:\WINDOWS;C:\WINDOWS\System32\Wbem;C:\WINDOWS\System32\WindowsPowerShell\v1.0\;C:\WINDOWS\System32\OpenSSH\;C:\Program Files\Intel\WiFi\bin\;C:\Program Files\Common Files\Intel\WirelessCommon\;D:\Git\cmd;C:\xampp\php;C:\ProgramData\ComposerSetup\bin;C:\Program Files\nodejs\;C:\Users\A412DA\AppData\Local\Microsoft\WindowsApps;C:\Users\A412DA\AppData\Local\Programs\Microsoft VS Code\bin;C:\Users\A412DA\AppData\Local\GitHubDesktop\bin;C:\Users\A412DA\AppData\Roaming\Composer\vendor\bin;C:\Users\A412DA\AppData\Roaming\npm
USERNAME=A412DA
OS=Windows_NT
PROCESSOR_IDENTIFIER=AMD64 Family 23 Model 24 Stepping 1, AuthenticAMD



---------------  S Y S T E M  ---------------

OS: Windows 11 , 64 bit Build 22621 (10.0.22621.755)
OS uptime: 0 days 1:51 hours

CPU:total 8 (initial active 8) (8 cores per cpu, 2 threads per core) family 23 model 24 stepping 1 microcode 0x0, cmov, cx8, fxsr, mmx, sse, sse2, sse3, ssse3, sse4.1, sse4.2, popcnt, avx, avx2, aes, clmul, mmxext, 3dnowpref, lzcnt, sse4a, ht, tsc, tscinvbit, tscinv, bmi1, bmi2, adx, sha, fma

Memory: 4k page, system-wide physical 3530M (219M free)
TotalPageFile size 14282M (AvailPageFile size 0M)
current process WorkingSet (physical memory assigned to process): 149M, peak: 149M
current process commit charge ("private bytes"): 203M, peak: 205M

vm_info: OpenJDK 64-Bit Server VM (11.0.13+0-b1751.21-8125866) for windows-amd64 JRE (11.0.13+0-b1751.21-8125866), built on Feb  2 2022 03:00:22 by "builder" with MS VC++ 14.0 (VS2015)

END.
